#
# A fatal error has been detected by the Java Runtime Environment:
#
#  SIGSEGV (0xb) at pc=0x00007f7c12070711, pid=11707, tid=0x00007f7c12d30700
#
# JRE version: OpenJDK Runtime Environment (8.0_111-b16) (build 1.8.0_111-b16)
# Java VM: OpenJDK 64-Bit Server VM (25.111-b16 mixed mode linux-amd64 compressed oops)
# Problematic frame:
# C  [libc.so.6+0x14f711]  __memmove_avx_unaligned_erms+0x211
#
# Failed to write core dump. Core dumps have been disabled. To enable core dumping, try "ulimit -c unlimited" before starting Java again
#
# If you would like to submit a bug report, please visit:
#   http://bugreport.java.com/bugreport/crash.jsp
#

---------------  T H R E A D  ---------------

Current thread (0x00007f7c0c009800):  JavaThread "main" [_thread_in_vm, id=11718, stack(0x00007f7c12c30000,0x00007f7c12d31000)]

siginfo: si_signo: 11 (SIGSEGV), si_code: 1 (SEGV_MAPERR), si_addr: 0x0000000000000000

Registers:
RAX=0x00000000c45c8b20, RBX=0x00007f7c0c009800, RCX=0x00000000c0100800, RDX=0x000000000c8d7e58
RSP=0x00007f7c12d2c868, RBP=0x00007f7c12d2c8e0, RSI=0x0000000000000000, RDI=0x00000000c45c8b20
R8 =0x0000000000000000, R9 =0x00007f7c11efad81, R10=0x00007f7c0c016a40, R11=0x0000000000000206
R12=0x000000000c8d7e58, R13=0x0000000000000000, R14=0x00007f7c0c088b80, R15=0x00007f7c0c009a58
RIP=0x00007f7c12070711, EFLAGS=0x0000000000010202, CSGSFS=0x002b000000000033, ERR=0x0000000000000004
  TRAPNO=0x000000000000000e

Top of Stack: (sp=0x00007f7c12d2c868)
0x00007f7c12d2c868:   00007f7c11621aba 0000000000000000
0x00007f7c12d2c878:   0000000000000000 00007f7c0c009800
0x00007f7c12d2c888:   0000000000000000 00007f7c0c009800
0x00007f7c12d2c898:   0000000000000000 0000000000000000
0x00007f7c12d2c8a8:   d8768f9ee2fab600 00007f7c0c009800
0x00007f7c12d2c8b8:   00007f7c0c009a58 00007f7c0c088b80
0x00007f7c12d2c8c8:   00007f7c0c8d7cf0 00007f7c12d2ca20
0x00007f7c12d2c8d8:   0000000000000042 00007f7c12d2c910
0x00007f7c12d2c8e8:   00007f7bd05ee230 00007f7c0c8d1cc0
0x00007f7c12d2c8f8:   00007f7c0c009a58 00007f7c0c8d1cc0
0x00007f7c12d2c908:   00007f7c0c088b78 00007f7c12d2c990
0x00007f7c12d2c918:   00007f7bd05ee39a 00007f7c0c009800
0x00007f7c12d2c928:   00000042ba82eed0 00007f7c0c8d7be0
0x00007f7c12d2c938:   00007f7c0c8d7320 00007f7bba82eed0
0x00007f7c12d2c948:   00007f7c0c8d6e30 000000000000000a
0x00007f7c12d2c958:   d8768f9ee2fab600 00007f7c12d2ca28
0x00007f7c12d2c968:   00007f7bba82eed0 0000000000000000
0x00007f7c12d2c978:   00007f7bba82eec8 00007f7c12d2ca28
0x00007f7c12d2c988:   00007f7c0c009800 00007f7c12d2c9f8
0x00007f7c12d2c998:   00007f7bfcbfc754 00007f7c12d2c9f8
0x00007f7c12d2c9a8:   00007f7bfcbfc4e7 00007f7bfcbfc4a2
0x00007f7c12d2c9b8:   00007f7c12d2c9b8 00007f7bba82eec8
0x00007f7c12d2c9c8:   00007f7c12d2ca28 00007f7bba82ef38
0x00007f7c12d2c9d8:   0000000000000000 00007f7bba82eed0
0x00007f7c12d2c9e8:   0000000000000000 00007f7c12d2ca18
0x00007f7c12d2c9f8:   00007f7c12d2ca70 00007f7bfcbecd80
0x00007f7c12d2ca08:   00000000ecc39558 00007f7bfcbf627b
0x00007f7c12d2ca18:   00000000ecf04730 00000000ecf04710
0x00007f7c12d2ca28:   0000000000000100 00007f7c12d2ca30
0x00007f7c12d2ca38:   00007f7bba82ec40 00007f7c12d2cab8
0x00007f7c12d2ca48:   00007f7bba82ef38 0000000000000000
0x00007f7c12d2ca58:   00007f7bba82ed38 00007f7c12d2ca18 

Instructions: (pc=0x00007f7c12070711)
0x00007f7c120706f1:   00 00 77 bc c5 fe 7f 29 c5 fe 7f 71 e0 c5 fe 7f
0x00007f7c12070701:   79 c0 c5 7e 7f 41 a0 c4 c1 7e 7f 23 c5 f8 77 c3
0x00007f7c12070711:   c5 fe 6f 26 c5 fe 6f 6e 20 c5 fe 6f 76 40 c5 fe
0x00007f7c12070721:   6f 7e 60 c5 7e 6f 44 16 e0 4c 8d 5c 17 e0 48 8d 

Register to memory mapping:

RAX=0x00000000c45c8b20 is pointing into object: 0x00000000c45c8b10
[B 
 - klass: {type array byte}
 - length: 210599512
RBX=0x00007f7c0c009800 is a thread
RCX=0x00000000c0100800 is an unknown value
RDX=0x000000000c8d7e58 is an unknown value
RSP=0x00007f7c12d2c868 is pointing into the stack for thread: 0x00007f7c0c009800
RBP=0x00007f7c12d2c8e0 is pointing into the stack for thread: 0x00007f7c0c009800
RSI=0x0000000000000000 is an unknown value
RDI=0x00000000c45c8b20 is pointing into object: 0x00000000c45c8b10
[B 
 - klass: {type array byte}
 - length: 210599512
R8 =0x0000000000000000 is an unknown value
R9 =0x00007f7c11efad81: <offset 0xf60d81> in /usr/lib/jvm/java-1.8.0-openjdk-1.8.0.111-5.b16.fc25.x86_64/jre/lib/amd64/server/libjvm.so at 0x00007f7c10f9a000
R10=0x00007f7c0c016a40 is an unknown value
R11=0x0000000000000206 is an unknown value
R12=0x000000000c8d7e58 is an unknown value
R13=0x0000000000000000 is an unknown value
R14=0x00007f7c0c088b80 is an unknown value
R15=0x00007f7c0c009a58 is an unknown value


Stack: [0x00007f7c12c30000,0x00007f7c12d31000],  sp=0x00007f7c12d2c868,  free space=1010k
Native frames: (J=compiled Java code, j=interpreted, Vv=VM code, C=native code)
C  [libc.so.6+0x14f711]  __memmove_avx_unaligned_erms+0x211
C  [libsunec.so+0x1230]
C  [libsunec.so+0x139a]  Java_sun_security_ec_ECKeyPairGenerator_generateECKeyPair+0x12a
j  sun.security.ec.ECKeyPairGenerator.generateECKeyPair(I[B[B)[Ljava/lang/Object;+0
j  sun.security.ec.ECKeyPairGenerator.generateKeyPair()Ljava/security/KeyPair;+56
j  java.security.KeyPairGenerator$Delegate.generateKeyPair()Ljava/security/KeyPair;+23
j  sun.security.ssl.ECDHCrypt.<init>(Ljava/security/spec/ECParameterSpec;Ljava/security/SecureRandom;)V+17
j  sun.security.ssl.ClientHandshaker.serverKeyExchange(Lsun/security/ssl/HandshakeMessage$ECDH_ServerKeyExchange;)V+44
j  sun.security.ssl.ClientHandshaker.processMessage(BI)V+582
j  sun.security.ssl.Handshaker.processLoop()V+96
j  sun.security.ssl.Handshaker.process_record(Lsun/security/ssl/InputRecord;Z)V+24
j  sun.security.ssl.SSLSocketImpl.readRecord(Lsun/security/ssl/InputRecord;Z)V+357
j  sun.security.ssl.SSLSocketImpl.performInitialHandshake()V+84
j  sun.security.ssl.SSLSocketImpl.startHandshake(Z)V+13
j  sun.security.ssl.SSLSocketImpl.startHandshake()V+2
j  org.apache.http.conn.ssl.SSLConnectionSocketFactory.createLayeredSocket(Ljava/net/Socket;Ljava/lang/String;ILorg/apache/http/protocol/HttpContext;)Ljava/net/Socket;+258
j  org.apache.http.conn.ssl.SSLConnectionSocketFactory.connectSocket(ILjava/net/Socket;Lorg/apache/http/HttpHost;Ljava/net/InetSocketAddress;Ljava/net/InetSocketAddress;Lorg/apache/http/protocol/HttpContext;)Ljava/net/Socket;+195
j  org.apache.http.impl.conn.DefaultHttpClientConnectionOperator.connect(Lorg/apache/http/conn/ManagedHttpClientConnection;Lorg/apache/http/HttpHost;Ljava/net/InetSocketAddress;ILorg/apache/http/config/SocketConfig;Lorg/apache/http/protocol/HttpContext;)V+323
j  org.apache.http.impl.conn.PoolingHttpClientConnectionManager.connect(Lorg/apache/http/HttpClientConnection;Lorg/apache/http/conn/routing/HttpRoute;ILorg/apache/http/protocol/HttpContext;)V+127
j  org.apache.http.impl.execchain.MainClientExec.establishRoute(Lorg/apache/http/auth/AuthState;Lorg/apache/http/HttpClientConnection;Lorg/apache/http/conn/routing/HttpRoute;Lorg/apache/http/HttpRequest;Lorg/apache/http/client/protocol/HttpClientContext;)V+107
j  org.apache.http.impl.execchain.MainClientExec.execute(Lorg/apache/http/conn/routing/HttpRoute;Lorg/apache/http/client/methods/HttpRequestWrapper;Lorg/apache/http/client/protocol/HttpClientContext;Lorg/apache/http/client/methods/HttpExecutionAware;)Lorg/apache/http/client/methods/CloseableHttpResponse;+438
j  org.apache.http.impl.execchain.ProtocolExec.execute(Lorg/apache/http/conn/routing/HttpRoute;Lorg/apache/http/client/methods/HttpRequestWrapper;Lorg/apache/http/client/protocol/HttpClientContext;Lorg/apache/http/client/methods/HttpExecutionAware;)Lorg/apache/http/client/methods/CloseableHttpResponse;+442
j  org.apache.http.impl.execchain.RetryExec.execute(Lorg/apache/http/conn/routing/HttpRoute;Lorg/apache/http/client/methods/HttpRequestWrapper;Lorg/apache/http/client/protocol/HttpClientContext;Lorg/apache/http/client/methods/HttpExecutionAware;)Lorg/apache/http/client/methods/CloseableHttpResponse;+39
j  org.apache.http.impl.execchain.RedirectExec.execute(Lorg/apache/http/conn/routing/HttpRoute;Lorg/apache/http/client/methods/HttpRequestWrapper;Lorg/apache/http/client/protocol/HttpClientContext;Lorg/apache/http/client/methods/HttpExecutionAware;)Lorg/apache/http/client/methods/CloseableHttpResponse;+85
j  org.apache.http.impl.client.InternalHttpClient.doExecute(Lorg/apache/http/HttpHost;Lorg/apache/http/HttpRequest;Lorg/apache/http/protocol/HttpContext;)Lorg/apache/http/client/methods/CloseableHttpResponse;+168
j  org.apache.http.impl.client.CloseableHttpClient.execute(Lorg/apache/http/client/methods/HttpUriRequest;Lorg/apache/http/protocol/HttpContext;)Lorg/apache/http/client/methods/CloseableHttpResponse;+14
j  org.apache.maven.wagon.providers.http.AbstractHttpClientWagon.execute(Lorg/apache/http/client/methods/HttpUriRequest;)Lorg/apache/http/client/methods/CloseableHttpResponse;+426
j  org.apache.maven.wagon.providers.http.AbstractHttpClientWagon.fillInputData(ILorg/apache/maven/wagon/InputData;)V+178
j  org.apache.maven.wagon.providers.http.AbstractHttpClientWagon.fillInputData(Lorg/apache/maven/wagon/InputData;)V+6
j  org.apache.maven.wagon.StreamWagon.getInputStream(Lorg/apache/maven/wagon/resource/Resource;)Ljava/io/InputStream;+15
j  org.apache.maven.wagon.StreamWagon.getIfNewer(Ljava/lang/String;Ljava/io/File;J)Z+29
j  org.apache.maven.wagon.StreamWagon.get(Ljava/lang/String;Ljava/io/File;)V+4
j  org.eclipse.aether.transport.wagon.WagonTransporter$GetTaskRunner.run(Lorg/apache/maven/wagon/Wagon;)V+89
j  org.eclipse.aether.transport.wagon.WagonTransporter.execute(Lorg/eclipse/aether/spi/connector/transport/TransportTask;Lorg/eclipse/aether/transport/wagon/WagonTransporter$TaskRunner;)V+66
j  org.eclipse.aether.transport.wagon.WagonTransporter.get(Lorg/eclipse/aether/spi/connector/transport/GetTask;)V+11
j  org.eclipse.aether.connector.basic.BasicRepositoryConnector$GetTaskRunner.runTask()V+180
j  org.eclipse.aether.connector.basic.BasicRepositoryConnector$TaskRunner.run()V+8
j  org.eclipse.aether.util.concurrency.RunnableErrorForwarder$1.run()V+4
j  org.eclipse.aether.connector.basic.BasicRepositoryConnector$DirectExecutor.execute(Ljava/lang/Runnable;)V+1
j  org.eclipse.aether.connector.basic.BasicRepositoryConnector.get(Ljava/util/Collection;Ljava/util/Collection;)V+402
j  org.eclipse.aether.internal.impl.DefaultArtifactResolver.performDownloads(Lorg/eclipse/aether/RepositorySystemSession;Lorg/eclipse/aether/internal/impl/DefaultArtifactResolver$ResolutionGroup;)V+89
j  org.eclipse.aether.internal.impl.DefaultArtifactResolver.resolve(Lorg/eclipse/aether/RepositorySystemSession;Ljava/util/Collection;)Ljava/util/List;+925
j  org.eclipse.aether.internal.impl.DefaultArtifactResolver.resolveArtifacts(Lorg/eclipse/aether/RepositorySystemSession;Ljava/util/Collection;)Ljava/util/List;+104
j  org.eclipse.aether.internal.impl.DefaultArtifactResolver.resolveArtifact(Lorg/eclipse/aether/RepositorySystemSession;Lorg/eclipse/aether/resolution/ArtifactRequest;)Lorg/eclipse/aether/resolution/ArtifactResult;+6
j  org.apache.maven.repository.internal.DefaultArtifactDescriptorReader.loadPom(Lorg/eclipse/aether/RepositorySystemSession;Lorg/eclipse/aether/resolution/ArtifactDescriptorRequest;Lorg/eclipse/aether/resolution/ArtifactDescriptorResult;)Lorg/apache/maven/model/Model;+328
j  org.apache.maven.repository.internal.DefaultArtifactDescriptorReader.readArtifactDescriptor(Lorg/eclipse/aether/RepositorySystemSession;Lorg/eclipse/aether/resolution/ArtifactDescriptorRequest;)Lorg/eclipse/aether/resolution/ArtifactDescriptorResult;+13
j  org.eclipse.aether.internal.impl.DefaultDependencyCollector.resolveCachedArtifactDescriptor(Lorg/eclipse/aether/internal/impl/DataPool;Lorg/eclipse/aether/resolution/ArtifactDescriptorRequest;Lorg/eclipse/aether/RepositorySystemSession;Lorg/eclipse/aether/graph/Dependency;Lorg/eclipse/aether/internal/impl/DefaultDependencyCollector$Results;Lorg/eclipse/aether/internal/impl/DefaultDependencyCollector$Args;)Lorg/eclipse/aether/resolution/ArtifactDescriptorResult;+27
j  org.eclipse.aether.internal.impl.DefaultDependencyCollector.getArtifactDescriptorResult(Lorg/eclipse/aether/internal/impl/DefaultDependencyCollector$Args;Lorg/eclipse/aether/internal/impl/DefaultDependencyCollector$Results;ZLorg/eclipse/aether/graph/Dependency;Lorg/eclipse/aether/resolution/ArtifactDescriptorRequest;)Lorg/eclipse/aether/resolution/ArtifactDescriptorResult;+31
j  org.eclipse.aether.internal.impl.DefaultDependencyCollector.processDependency(Lorg/eclipse/aether/internal/impl/DefaultDependencyCollector$Args;Lorg/eclipse/aether/internal/impl/DefaultDependencyCollector$Results;Ljava/util/List;Lorg/eclipse/aether/collection/DependencySelector;Lorg/eclipse/aether/collection/DependencyManager;Lorg/eclipse/aether/collection/DependencyTraverser;Lorg/eclipse/aether/collection/VersionFilter;Lorg/eclipse/aether/graph/Dependency;Ljava/util/List;Z)V+214
j  org.eclipse.aether.internal.impl.DefaultDependencyCollector.processDependency(Lorg/eclipse/aether/internal/impl/DefaultDependencyCollector$Args;Lorg/eclipse/aether/internal/impl/DefaultDependencyCollector$Results;Ljava/util/List;Lorg/eclipse/aether/collection/DependencySelector;Lorg/eclipse/aether/collection/DependencyManager;Lorg/eclipse/aether/collection/DependencyTraverser;Lorg/eclipse/aether/collection/VersionFilter;Lorg/eclipse/aether/graph/Dependency;)V+26
j  org.eclipse.aether.internal.impl.DefaultDependencyCollector.process(Lorg/eclipse/aether/internal/impl/DefaultDependencyCollector$Args;Lorg/eclipse/aether/internal/impl/DefaultDependencyCollector$Results;Ljava/util/List;Ljava/util/List;Lorg/eclipse/aether/collection/DependencySelector;Lorg/eclipse/aether/collection/DependencyManager;Lorg/eclipse/aether/collection/DependencyTraverser;Lorg/eclipse/aether/collection/VersionFilter;)V+45
j  org.eclipse.aether.internal.impl.DefaultDependencyCollector.collectDependencies(Lorg/eclipse/aether/RepositorySystemSession;Lorg/eclipse/aether/collection/CollectRequest;)Lorg/eclipse/aether/collection/CollectResult;+735
j  org.eclipse.aether.internal.impl.DefaultRepositorySystem.collectDependencies(Lorg/eclipse/aether/RepositorySystemSession;Lorg/eclipse/aether/collection/CollectRequest;)Lorg/eclipse/aether/collection/CollectResult;+11
j  org.apache.maven.project.DefaultProjectDependenciesResolver.resolve(Lorg/apache/maven/project/DependencyResolutionRequest;)Lorg/apache/maven/project/DependencyResolutionResult;+678
j  org.apache.maven.lifecycle.internal.LifecycleDependencyResolver.getDependencies(Lorg/apache/maven/project/MavenProject;Ljava/util/Collection;Ljava/util/Collection;Lorg/apache/maven/execution/MavenSession;ZLjava/util/Set;)Ljava/util/Set;+152
j  org.apache.maven.lifecycle.internal.LifecycleDependencyResolver.resolveProjectDependencies(Lorg/apache/maven/project/MavenProject;Ljava/util/Collection;Ljava/util/Collection;Lorg/apache/maven/execution/MavenSession;ZLjava/util/Set;)V+80
j  org.apache.maven.lifecycle.internal.MojoExecutor.ensureDependenciesAreResolved(Lorg/apache/maven/plugin/descriptor/MojoDescriptor;Lorg/apache/maven/execution/MavenSession;Lorg/apache/maven/lifecycle/internal/DependencyContext;)V+47
j  org.apache.maven.lifecycle.internal.MojoExecutor.execute(Lorg/apache/maven/execution/MavenSession;Lorg/apache/maven/plugin/MojoExecution;Lorg/apache/maven/lifecycle/internal/ProjectIndex;Lorg/apache/maven/lifecycle/internal/DependencyContext;)V+192
j  org.apache.maven.lifecycle.internal.MojoExecutor.execute(Lorg/apache/maven/execution/MavenSession;Lorg/apache/maven/plugin/MojoExecution;Lorg/apache/maven/lifecycle/internal/ProjectIndex;Lorg/apache/maven/lifecycle/internal/DependencyContext;Lorg/apache/maven/lifecycle/internal/PhaseRecorder;)V+6
j  org.apache.maven.lifecycle.internal.MojoExecutor.execute(Lorg/apache/maven/execution/MavenSession;Ljava/util/List;Lorg/apache/maven/lifecycle/internal/ProjectIndex;)V+60
j  org.apache.maven.lifecycle.internal.LifecycleModuleBuilder.buildProject(Lorg/apache/maven/execution/MavenSession;Lorg/apache/maven/execution/MavenSession;Lorg/apache/maven/lifecycle/internal/ReactorContext;Lorg/apache/maven/project/MavenProject;Lorg/apache/maven/lifecycle/internal/TaskSegment;)V+179
j  org.apache.maven.lifecycle.internal.LifecycleModuleBuilder.buildProject(Lorg/apache/maven/execution/MavenSession;Lorg/apache/maven/lifecycle/internal/ReactorContext;Lorg/apache/maven/project/MavenProject;Lorg/apache/maven/lifecycle/internal/TaskSegment;)V+7
j  org.apache.maven.lifecycle.internal.builder.singlethreaded.SingleThreadedBuilder.build(Lorg/apache/maven/execution/MavenSession;Lorg/apache/maven/lifecycle/internal/ReactorContext;Lorg/apache/maven/lifecycle/internal/ProjectBuildList;Ljava/util/List;Lorg/apache/maven/lifecycle/internal/ReactorBuildStatus;)V+77
j  org.apache.maven.lifecycle.internal.LifecycleStarter.execute(Lorg/apache/maven/execution/MavenSession;)V+348
j  org.apache.maven.DefaultMaven.doExecute(Lorg/apache/maven/execution/MavenExecutionRequest;Lorg/apache/maven/execution/MavenSession;Lorg/apache/maven/execution/MavenExecutionResult;Lorg/eclipse/aether/DefaultRepositorySystemSession;)Lorg/apache/maven/execution/MavenExecutionResult;+411
j  org.apache.maven.DefaultMaven.doExecute(Lorg/apache/maven/execution/MavenExecutionRequest;)Lorg/apache/maven/execution/MavenExecutionResult;+98
j  org.apache.maven.DefaultMaven.execute(Lorg/apache/maven/execution/MavenExecutionRequest;)Lorg/apache/maven/execution/MavenExecutionResult;+2
j  org.apache.maven.cli.MavenCli.execute(Lorg/apache/maven/cli/CliRequest;)I+27
j  org.apache.maven.cli.MavenCli.doMain(Lorg/apache/maven/cli/CliRequest;)I+66
j  org.apache.maven.cli.MavenCli.main([Ljava/lang/String;Lorg/codehaus/plexus/classworlds/ClassWorld;)I+18
v  ~StubRoutines::call_stub
V  [libjvm.so+0x670573]
V  [libjvm.so+0x94fc67]
V  [libjvm.so+0x9515bb]
V  [libjvm.so+0x6bc969]  JVM_InvokeMethod+0x119
j  sun.reflect.NativeMethodAccessorImpl.invoke0(Ljava/lang/reflect/Method;Ljava/lang/Object;[Ljava/lang/Object;)Ljava/lang/Object;+0
j  sun.reflect.NativeMethodAccessorImpl.invoke(Ljava/lang/Object;[Ljava/lang/Object;)Ljava/lang/Object;+100
j  sun.reflect.DelegatingMethodAccessorImpl.invoke(Ljava/lang/Object;[Ljava/lang/Object;)Ljava/lang/Object;+6
j  java.lang.reflect.Method.invoke(Ljava/lang/Object;[Ljava/lang/Object;)Ljava/lang/Object;+56
j  org.codehaus.plexus.classworlds.launcher.Launcher.launchEnhanced([Ljava/lang/String;)V+45
j  org.codehaus.plexus.classworlds.launcher.Launcher.launch([Ljava/lang/String;)V+2
j  org.codehaus.plexus.classworlds.launcher.Launcher.mainWithExitCode([Ljava/lang/String;)I+101
j  org.codehaus.plexus.classworlds.launcher.Launcher.main([Ljava/lang/String;)V+1
v  ~StubRoutines::call_stub
V  [libjvm.so+0x670573]
V  [libjvm.so+0x692ac7]
V  [libjvm.so+0x6951e6]
C  [libjli.so+0x3371]
C  [libpthread.so.0+0x76ca]  start_thread+0xca

Java frames: (J=compiled Java code, j=interpreted, Vv=VM code)
j  sun.security.ec.ECKeyPairGenerator.generateECKeyPair(I[B[B)[Ljava/lang/Object;+0
j  sun.security.ec.ECKeyPairGenerator.generateKeyPair()Ljava/security/KeyPair;+56
j  java.security.KeyPairGenerator$Delegate.generateKeyPair()Ljava/security/KeyPair;+23
j  sun.security.ssl.ECDHCrypt.<init>(Ljava/security/spec/ECParameterSpec;Ljava/security/SecureRandom;)V+17
j  sun.security.ssl.ClientHandshaker.serverKeyExchange(Lsun/security/ssl/HandshakeMessage$ECDH_ServerKeyExchange;)V+44
j  sun.security.ssl.ClientHandshaker.processMessage(BI)V+582
j  sun.security.ssl.Handshaker.processLoop()V+96
j  sun.security.ssl.Handshaker.process_record(Lsun/security/ssl/InputRecord;Z)V+24
j  sun.security.ssl.SSLSocketImpl.readRecord(Lsun/security/ssl/InputRecord;Z)V+357
j  sun.security.ssl.SSLSocketImpl.performInitialHandshake()V+84
j  sun.security.ssl.SSLSocketImpl.startHandshake(Z)V+13
j  sun.security.ssl.SSLSocketImpl.startHandshake()V+2
j  org.apache.http.conn.ssl.SSLConnectionSocketFactory.createLayeredSocket(Ljava/net/Socket;Ljava/lang/String;ILorg/apache/http/protocol/HttpContext;)Ljava/net/Socket;+258
j  org.apache.http.conn.ssl.SSLConnectionSocketFactory.connectSocket(ILjava/net/Socket;Lorg/apache/http/HttpHost;Ljava/net/InetSocketAddress;Ljava/net/InetSocketAddress;Lorg/apache/http/protocol/HttpContext;)Ljava/net/Socket;+195
j  org.apache.http.impl.conn.DefaultHttpClientConnectionOperator.connect(Lorg/apache/http/conn/ManagedHttpClientConnection;Lorg/apache/http/HttpHost;Ljava/net/InetSocketAddress;ILorg/apache/http/config/SocketConfig;Lorg/apache/http/protocol/HttpContext;)V+323
j  org.apache.http.impl.conn.PoolingHttpClientConnectionManager.connect(Lorg/apache/http/HttpClientConnection;Lorg/apache/http/conn/routing/HttpRoute;ILorg/apache/http/protocol/HttpContext;)V+127
j  org.apache.http.impl.execchain.MainClientExec.establishRoute(Lorg/apache/http/auth/AuthState;Lorg/apache/http/HttpClientConnection;Lorg/apache/http/conn/routing/HttpRoute;Lorg/apache/http/HttpRequest;Lorg/apache/http/client/protocol/HttpClientContext;)V+107
j  org.apache.http.impl.execchain.MainClientExec.execute(Lorg/apache/http/conn/routing/HttpRoute;Lorg/apache/http/client/methods/HttpRequestWrapper;Lorg/apache/http/client/protocol/HttpClientContext;Lorg/apache/http/client/methods/HttpExecutionAware;)Lorg/apache/http/client/methods/CloseableHttpResponse;+438
j  org.apache.http.impl.execchain.ProtocolExec.execute(Lorg/apache/http/conn/routing/HttpRoute;Lorg/apache/http/client/methods/HttpRequestWrapper;Lorg/apache/http/client/protocol/HttpClientContext;Lorg/apache/http/client/methods/HttpExecutionAware;)Lorg/apache/http/client/methods/CloseableHttpResponse;+442
j  org.apache.http.impl.execchain.RetryExec.execute(Lorg/apache/http/conn/routing/HttpRoute;Lorg/apache/http/client/methods/HttpRequestWrapper;Lorg/apache/http/client/protocol/HttpClientContext;Lorg/apache/http/client/methods/HttpExecutionAware;)Lorg/apache/http/client/methods/CloseableHttpResponse;+39
j  org.apache.http.impl.execchain.RedirectExec.execute(Lorg/apache/http/conn/routing/HttpRoute;Lorg/apache/http/client/methods/HttpRequestWrapper;Lorg/apache/http/client/protocol/HttpClientContext;Lorg/apache/http/client/methods/HttpExecutionAware;)Lorg/apache/http/client/methods/CloseableHttpResponse;+85
j  org.apache.http.impl.client.InternalHttpClient.doExecute(Lorg/apache/http/HttpHost;Lorg/apache/http/HttpRequest;Lorg/apache/http/protocol/HttpContext;)Lorg/apache/http/client/methods/CloseableHttpResponse;+168
j  org.apache.http.impl.client.CloseableHttpClient.execute(Lorg/apache/http/client/methods/HttpUriRequest;Lorg/apache/http/protocol/HttpContext;)Lorg/apache/http/client/methods/CloseableHttpResponse;+14
j  org.apache.maven.wagon.providers.http.AbstractHttpClientWagon.execute(Lorg/apache/http/client/methods/HttpUriRequest;)Lorg/apache/http/client/methods/CloseableHttpResponse;+426
j  org.apache.maven.wagon.providers.http.AbstractHttpClientWagon.fillInputData(ILorg/apache/maven/wagon/InputData;)V+178
j  org.apache.maven.wagon.providers.http.AbstractHttpClientWagon.fillInputData(Lorg/apache/maven/wagon/InputData;)V+6
j  org.apache.maven.wagon.StreamWagon.getInputStream(Lorg/apache/maven/wagon/resource/Resource;)Ljava/io/InputStream;+15
j  org.apache.maven.wagon.StreamWagon.getIfNewer(Ljava/lang/String;Ljava/io/File;J)Z+29
j  org.apache.maven.wagon.StreamWagon.get(Ljava/lang/String;Ljava/io/File;)V+4
j  org.eclipse.aether.transport.wagon.WagonTransporter$GetTaskRunner.run(Lorg/apache/maven/wagon/Wagon;)V+89
j  org.eclipse.aether.transport.wagon.WagonTransporter.execute(Lorg/eclipse/aether/spi/connector/transport/TransportTask;Lorg/eclipse/aether/transport/wagon/WagonTransporter$TaskRunner;)V+66
j  org.eclipse.aether.transport.wagon.WagonTransporter.get(Lorg/eclipse/aether/spi/connector/transport/GetTask;)V+11
j  org.eclipse.aether.connector.basic.BasicRepositoryConnector$GetTaskRunner.runTask()V+180
j  org.eclipse.aether.connector.basic.BasicRepositoryConnector$TaskRunner.run()V+8
j  org.eclipse.aether.util.concurrency.RunnableErrorForwarder$1.run()V+4
j  org.eclipse.aether.connector.basic.BasicRepositoryConnector$DirectExecutor.execute(Ljava/lang/Runnable;)V+1
j  org.eclipse.aether.connector.basic.BasicRepositoryConnector.get(Ljava/util/Collection;Ljava/util/Collection;)V+402
j  org.eclipse.aether.internal.impl.DefaultArtifactResolver.performDownloads(Lorg/eclipse/aether/RepositorySystemSession;Lorg/eclipse/aether/internal/impl/DefaultArtifactResolver$ResolutionGroup;)V+89
j  org.eclipse.aether.internal.impl.DefaultArtifactResolver.resolve(Lorg/eclipse/aether/RepositorySystemSession;Ljava/util/Collection;)Ljava/util/List;+925
j  org.eclipse.aether.internal.impl.DefaultArtifactResolver.resolveArtifacts(Lorg/eclipse/aether/RepositorySystemSession;Ljava/util/Collection;)Ljava/util/List;+104
j  org.eclipse.aether.internal.impl.DefaultArtifactResolver.resolveArtifact(Lorg/eclipse/aether/RepositorySystemSession;Lorg/eclipse/aether/resolution/ArtifactRequest;)Lorg/eclipse/aether/resolution/ArtifactResult;+6
j  org.apache.maven.repository.internal.DefaultArtifactDescriptorReader.loadPom(Lorg/eclipse/aether/RepositorySystemSession;Lorg/eclipse/aether/resolution/ArtifactDescriptorRequest;Lorg/eclipse/aether/resolution/ArtifactDescriptorResult;)Lorg/apache/maven/model/Model;+328
j  org.apache.maven.repository.internal.DefaultArtifactDescriptorReader.readArtifactDescriptor(Lorg/eclipse/aether/RepositorySystemSession;Lorg/eclipse/aether/resolution/ArtifactDescriptorRequest;)Lorg/eclipse/aether/resolution/ArtifactDescriptorResult;+13
j  org.eclipse.aether.internal.impl.DefaultDependencyCollector.resolveCachedArtifactDescriptor(Lorg/eclipse/aether/internal/impl/DataPool;Lorg/eclipse/aether/resolution/ArtifactDescriptorRequest;Lorg/eclipse/aether/RepositorySystemSession;Lorg/eclipse/aether/graph/Dependency;Lorg/eclipse/aether/internal/impl/DefaultDependencyCollector$Results;Lorg/eclipse/aether/internal/impl/DefaultDependencyCollector$Args;)Lorg/eclipse/aether/resolution/ArtifactDescriptorResult;+27
j  org.eclipse.aether.internal.impl.DefaultDependencyCollector.getArtifactDescriptorResult(Lorg/eclipse/aether/internal/impl/DefaultDependencyCollector$Args;Lorg/eclipse/aether/internal/impl/DefaultDependencyCollector$Results;ZLorg/eclipse/aether/graph/Dependency;Lorg/eclipse/aether/resolution/ArtifactDescriptorRequest;)Lorg/eclipse/aether/resolution/ArtifactDescriptorResult;+31
j  org.eclipse.aether.internal.impl.DefaultDependencyCollector.processDependency(Lorg/eclipse/aether/internal/impl/DefaultDependencyCollector$Args;Lorg/eclipse/aether/internal/impl/DefaultDependencyCollector$Results;Ljava/util/List;Lorg/eclipse/aether/collection/DependencySelector;Lorg/eclipse/aether/collection/DependencyManager;Lorg/eclipse/aether/collection/DependencyTraverser;Lorg/eclipse/aether/collection/VersionFilter;Lorg/eclipse/aether/graph/Dependency;Ljava/util/List;Z)V+214
j  org.eclipse.aether.internal.impl.DefaultDependencyCollector.processDependency(Lorg/eclipse/aether/internal/impl/DefaultDependencyCollector$Args;Lorg/eclipse/aether/internal/impl/DefaultDependencyCollector$Results;Ljava/util/List;Lorg/eclipse/aether/collection/DependencySelector;Lorg/eclipse/aether/collection/DependencyManager;Lorg/eclipse/aether/collection/DependencyTraverser;Lorg/eclipse/aether/collection/VersionFilter;Lorg/eclipse/aether/graph/Dependency;)V+26
j  org.eclipse.aether.internal.impl.DefaultDependencyCollector.process(Lorg/eclipse/aether/internal/impl/DefaultDependencyCollector$Args;Lorg/eclipse/aether/internal/impl/DefaultDependencyCollector$Results;Ljava/util/List;Ljava/util/List;Lorg/eclipse/aether/collection/DependencySelector;Lorg/eclipse/aether/collection/DependencyManager;Lorg/eclipse/aether/collection/DependencyTraverser;Lorg/eclipse/aether/collection/VersionFilter;)V+45
j  org.eclipse.aether.internal.impl.DefaultDependencyCollector.collectDependencies(Lorg/eclipse/aether/RepositorySystemSession;Lorg/eclipse/aether/collection/CollectRequest;)Lorg/eclipse/aether/collection/CollectResult;+735
j  org.eclipse.aether.internal.impl.DefaultRepositorySystem.collectDependencies(Lorg/eclipse/aether/RepositorySystemSession;Lorg/eclipse/aether/collection/CollectRequest;)Lorg/eclipse/aether/collection/CollectResult;+11
j  org.apache.maven.project.DefaultProjectDependenciesResolver.resolve(Lorg/apache/maven/project/DependencyResolutionRequest;)Lorg/apache/maven/project/DependencyResolutionResult;+678
j  org.apache.maven.lifecycle.internal.LifecycleDependencyResolver.getDependencies(Lorg/apache/maven/project/MavenProject;Ljava/util/Collection;Ljava/util/Collection;Lorg/apache/maven/execution/MavenSession;ZLjava/util/Set;)Ljava/util/Set;+152
j  org.apache.maven.lifecycle.internal.LifecycleDependencyResolver.resolveProjectDependencies(Lorg/apache/maven/project/MavenProject;Ljava/util/Collection;Ljava/util/Collection;Lorg/apache/maven/execution/MavenSession;ZLjava/util/Set;)V+80
j  org.apache.maven.lifecycle.internal.MojoExecutor.ensureDependenciesAreResolved(Lorg/apache/maven/plugin/descriptor/MojoDescriptor;Lorg/apache/maven/execution/MavenSession;Lorg/apache/maven/lifecycle/internal/DependencyContext;)V+47
j  org.apache.maven.lifecycle.internal.MojoExecutor.execute(Lorg/apache/maven/execution/MavenSession;Lorg/apache/maven/plugin/MojoExecution;Lorg/apache/maven/lifecycle/internal/ProjectIndex;Lorg/apache/maven/lifecycle/internal/DependencyContext;)V+192
j  org.apache.maven.lifecycle.internal.MojoExecutor.execute(Lorg/apache/maven/execution/MavenSession;Lorg/apache/maven/plugin/MojoExecution;Lorg/apache/maven/lifecycle/internal/ProjectIndex;Lorg/apache/maven/lifecycle/internal/DependencyContext;Lorg/apache/maven/lifecycle/internal/PhaseRecorder;)V+6
j  org.apache.maven.lifecycle.internal.MojoExecutor.execute(Lorg/apache/maven/execution/MavenSession;Ljava/util/List;Lorg/apache/maven/lifecycle/internal/ProjectIndex;)V+60
j  org.apache.maven.lifecycle.internal.LifecycleModuleBuilder.buildProject(Lorg/apache/maven/execution/MavenSession;Lorg/apache/maven/execution/MavenSession;Lorg/apache/maven/lifecycle/internal/ReactorContext;Lorg/apache/maven/project/MavenProject;Lorg/apache/maven/lifecycle/internal/TaskSegment;)V+179
j  org.apache.maven.lifecycle.internal.LifecycleModuleBuilder.buildProject(Lorg/apache/maven/execution/MavenSession;Lorg/apache/maven/lifecycle/internal/ReactorContext;Lorg/apache/maven/project/MavenProject;Lorg/apache/maven/lifecycle/internal/TaskSegment;)V+7
j  org.apache.maven.lifecycle.internal.builder.singlethreaded.SingleThreadedBuilder.build(Lorg/apache/maven/execution/MavenSession;Lorg/apache/maven/lifecycle/internal/ReactorContext;Lorg/apache/maven/lifecycle/internal/ProjectBuildList;Ljava/util/List;Lorg/apache/maven/lifecycle/internal/ReactorBuildStatus;)V+77
j  org.apache.maven.lifecycle.internal.LifecycleStarter.execute(Lorg/apache/maven/execution/MavenSession;)V+348
j  org.apache.maven.DefaultMaven.doExecute(Lorg/apache/maven/execution/MavenExecutionRequest;Lorg/apache/maven/execution/MavenSession;Lorg/apache/maven/execution/MavenExecutionResult;Lorg/eclipse/aether/DefaultRepositorySystemSession;)Lorg/apache/maven/execution/MavenExecutionResult;+411
j  org.apache.maven.DefaultMaven.doExecute(Lorg/apache/maven/execution/MavenExecutionRequest;)Lorg/apache/maven/execution/MavenExecutionResult;+98
j  org.apache.maven.DefaultMaven.execute(Lorg/apache/maven/execution/MavenExecutionRequest;)Lorg/apache/maven/execution/MavenExecutionResult;+2
j  org.apache.maven.cli.MavenCli.execute(Lorg/apache/maven/cli/CliRequest;)I+27
j  org.apache.maven.cli.MavenCli.doMain(Lorg/apache/maven/cli/CliRequest;)I+66
j  org.apache.maven.cli.MavenCli.main([Ljava/lang/String;Lorg/codehaus/plexus/classworlds/ClassWorld;)I+18
v  ~StubRoutines::call_stub
j  sun.reflect.NativeMethodAccessorImpl.invoke0(Ljava/lang/reflect/Method;Ljava/lang/Object;[Ljava/lang/Object;)Ljava/lang/Object;+0
j  sun.reflect.NativeMethodAccessorImpl.invoke(Ljava/lang/Object;[Ljava/lang/Object;)Ljava/lang/Object;+100
j  sun.reflect.DelegatingMethodAccessorImpl.invoke(Ljava/lang/Object;[Ljava/lang/Object;)Ljava/lang/Object;+6
j  java.lang.reflect.Method.invoke(Ljava/lang/Object;[Ljava/lang/Object;)Ljava/lang/Object;+56
j  org.codehaus.plexus.classworlds.launcher.Launcher.launchEnhanced([Ljava/lang/String;)V+45
j  org.codehaus.plexus.classworlds.launcher.Launcher.launch([Ljava/lang/String;)V+2
j  org.codehaus.plexus.classworlds.launcher.Launcher.mainWithExitCode([Ljava/lang/String;)I+101
j  org.codehaus.plexus.classworlds.launcher.Launcher.main([Ljava/lang/String;)V+1
v  ~StubRoutines::call_stub

---------------  P R O C E S S  ---------------

Java Threads: ( => current thread )
  0x00007f7c0c0d3800 JavaThread "Service Thread" daemon [_thread_blocked, id=11730, stack(0x00007f7bd1366000,0x00007f7bd1467000)]
  0x00007f7c0c0ce800 JavaThread "C1 CompilerThread2" daemon [_thread_blocked, id=11729, stack(0x00007f7bf400a000,0x00007f7bf410b000)]
  0x00007f7c0c0cc800 JavaThread "C2 CompilerThread1" daemon [_thread_blocked, id=11728, stack(0x00007f7bf410b000,0x00007f7bf420c000)]
  0x00007f7c0c0bf000 JavaThread "C2 CompilerThread0" daemon [_thread_blocked, id=11727, stack(0x00007f7bf420c000,0x00007f7bf430d000)]
  0x00007f7c0c0bd000 JavaThread "Signal Dispatcher" daemon [_thread_blocked, id=11726, stack(0x00007f7bf430d000,0x00007f7bf440e000)]
  0x00007f7c0c093000 JavaThread "Finalizer" daemon [_thread_blocked, id=11725, stack(0x00007f7bf440e000,0x00007f7bf450f000)]
  0x00007f7c0c08e800 JavaThread "Reference Handler" daemon [_thread_blocked, id=11724, stack(0x00007f7bf450f000,0x00007f7bf4610000)]
=>0x00007f7c0c009800 JavaThread "main" [_thread_in_vm, id=11718, stack(0x00007f7c12c30000,0x00007f7c12d31000)]

Other Threads:
  0x00007f7c0c084800 VMThread [stack: 0x00007f7bf4610000,0x00007f7bf4711000] [id=11723]
  0x00007f7c0c0d5800 WatcherThread [stack: 0x00007f7bd1265000,0x00007f7bd1366000] [id=11731]

VM state:not at safepoint (normal execution)

VM Mutex/Monitor currently owned by a thread: None

Heap:
 PSYoungGen      total 34304K, used 19994K [0x00000000ebe00000, 0x00000000f0c00000, 0x0000000100000000)
  eden space 31744K, 54% used [0x00000000ebe00000,0x00000000ecf0ab60,0x00000000edd00000)
  from space 2560K, 99% used [0x00000000edd00000,0x00000000edf7c010,0x00000000edf80000)
  to   space 8192K, 0% used [0x00000000f0400000,0x00000000f0400000,0x00000000f0c00000)
 ParOldGen       total 248320K, used 217730K [0x00000000c3a00000, 0x00000000d2c80000, 0x00000000ebe00000)
  object space 248320K, 87% used [0x00000000c3a00000,0x00000000d0ea0978,0x00000000d2c80000)
 Metaspace       used 20581K, capacity 20914K, committed 21248K, reserved 1069056K
  class space    used 2359K, capacity 2509K, committed 2560K, reserved 1048576K

Card table byte_map: [0x00007f7bfc641000,0x00007f7bfc825000] byte_map_base: 0x00007f7bfc024000

Marking Bits: (ParMarkBitMap*) 0x00007f7c11f04820
 Begin Bits: [0x00007f7bf61d0000, 0x00007f7bf70e8000)
 End Bits:   [0x00007f7bf70e8000, 0x00007f7bf8000000)

Polling page: 0x00007f7c12d50000

CodeCache: size=245760Kb used=8233Kb max_used=8245Kb free=237526Kb
 bounds [0x00007f7bfcbe5000, 0x00007f7bfd405000, 0x00007f7c0bbe5000]
 total_blobs=2882 nmethods=2493 adapters=302
 compilation: enabled

Compilation events (10 events):
Event: 4.719 Thread 0x00007f7c0c0ce800 2489       3       sun.security.provider.SHA5::lf_S (11 bytes)
Event: 4.719 Thread 0x00007f7c0c0ce800 nmethod 2489 0x00007f7bfd3efbd0 code [0x00007f7bfd3efd20, 0x00007f7bfd3efe70]
Event: 4.719 Thread 0x00007f7c0c0ce800 2490       3       sun.security.provider.SHA5::lf_R (4 bytes)
Event: 4.719 Thread 0x00007f7c0c0ce800 nmethod 2490 0x00007f7bfd3ef890 code [0x00007f7bfd3ef9e0, 0x00007f7bfd3efb10]
Event: 4.719 Thread 0x00007f7c0c0cc800 2491       4       java.math.BigInteger::mulAdd (19 bytes)
Event: 4.719 Thread 0x00007f7c0c0bf000 2492       4       java.math.BigInteger::implMulAddCheck (169 bytes)
Event: 4.720 Thread 0x00007f7c0c0bf000 nmethod 2492 0x00007f7bfd3f1d50 code [0x00007f7bfd3f1ea0, 0x00007f7bfd3f1f98]
Event: 4.720 Thread 0x00007f7c0c0bf000 2493       4       java.math.BigInteger::addOne (77 bytes)
Event: 4.721 Thread 0x00007f7c0c0bf000 nmethod 2493 0x00007f7bfd3f1990 code [0x00007f7bfd3f1ae0, 0x00007f7bfd3f1c18]
Event: 4.723 Thread 0x00007f7c0c0cc800 nmethod 2491 0x00007f7bfd3f1390 code [0x00007f7bfd3f14e0, 0x00007f7bfd3f1758]

GC Heap History (10 events):
Event: 0.488 GC heap before
{Heap before GC invocations=1 (full 0):
 PSYoungGen      total 18432K, used 15872K [0x00000000ebe00000, 0x00000000ed280000, 0x0000000100000000)
  eden space 15872K, 100% used [0x00000000ebe00000,0x00000000ecd80000,0x00000000ecd80000)
  from space 2560K, 0% used [0x00000000ed000000,0x00000000ed000000,0x00000000ed280000)
  to   space 2560K, 0% used [0x00000000ecd80000,0x00000000ecd80000,0x00000000ed000000)
 ParOldGen       total 42496K, used 0K [0x00000000c3a00000, 0x00000000c6380000, 0x00000000ebe00000)
  object space 42496K, 0% used [0x00000000c3a00000,0x00000000c3a00000,0x00000000c6380000)
 Metaspace       used 7663K, capacity 7804K, committed 7936K, reserved 1056768K
  class space    used 851K, capacity 920K, committed 1024K, reserved 1048576K
Event: 0.492 GC heap after
Heap after GC invocations=1 (full 0):
 PSYoungGen      total 18432K, used 2539K [0x00000000ebe00000, 0x00000000ed280000, 0x0000000100000000)
  eden space 15872K, 0% used [0x00000000ebe00000,0x00000000ebe00000,0x00000000ecd80000)
  from space 2560K, 99% used [0x00000000ecd80000,0x00000000ecffaf40,0x00000000ed000000)
  to   space 2560K, 0% used [0x00000000ed000000,0x00000000ed000000,0x00000000ed280000)
 ParOldGen       total 42496K, used 1199K [0x00000000c3a00000, 0x00000000c6380000, 0x00000000ebe00000)
  object space 42496K, 2% used [0x00000000c3a00000,0x00000000c3b2bf20,0x00000000c6380000)
 Metaspace       used 7663K, capacity 7804K, committed 7936K, reserved 1056768K
  class space    used 851K, capacity 920K, committed 1024K, reserved 1048576K
}
Event: 0.730 GC heap before
{Heap before GC invocations=2 (full 0):
 PSYoungGen      total 18432K, used 18411K [0x00000000ebe00000, 0x00000000ed280000, 0x0000000100000000)
  eden space 15872K, 100% used [0x00000000ebe00000,0x00000000ecd80000,0x00000000ecd80000)
  from space 2560K, 99% used [0x00000000ecd80000,0x00000000ecffaf40,0x00000000ed000000)
  to   space 2560K, 0% used [0x00000000ed000000,0x00000000ed000000,0x00000000ed280000)
 ParOldGen       total 42496K, used 1199K [0x00000000c3a00000, 0x00000000c6380000, 0x00000000ebe00000)
  object space 42496K, 2% used [0x00000000c3a00000,0x00000000c3b2bf20,0x00000000c6380000)
 Metaspace       used 8697K, capacity 8860K, committed 9088K, reserved 1056768K
  class space    used 1003K, capacity 1080K, committed 1152K, reserved 1048576K
Event: 0.734 GC heap after
Heap after GC invocations=2 (full 0):
 PSYoungGen      total 18432K, used 2542K [0x00000000ebe00000, 0x00000000ee200000, 0x0000000100000000)
  eden space 15872K, 0% used [0x00000000ebe00000,0x00000000ebe00000,0x00000000ecd80000)
  from space 2560K, 99% used [0x00000000ed000000,0x00000000ed27b818,0x00000000ed280000)
  to   space 2560K, 0% used [0x00000000ecd80000,0x00000000ecd80000,0x00000000ed000000)
 ParOldGen       total 42496K, used 1652K [0x00000000c3a00000, 0x00000000c6380000, 0x00000000ebe00000)
  object space 42496K, 3% used [0x00000000c3a00000,0x00000000c3b9d100,0x00000000c6380000)
 Metaspace       used 8697K, capacity 8860K, committed 9088K, reserved 1056768K
  class space    used 1003K, capacity 1080K, committed 1152K, reserved 1048576K
}
Event: 0.944 GC heap before
{Heap before GC invocations=3 (full 0):
 PSYoungGen      total 18432K, used 18414K [0x00000000ebe00000, 0x00000000ee200000, 0x0000000100000000)
  eden space 15872K, 100% used [0x00000000ebe00000,0x00000000ecd80000,0x00000000ecd80000)
  from space 2560K, 99% used [0x00000000ed000000,0x00000000ed27b818,0x00000000ed280000)
  to   space 2560K, 0% used [0x00000000ecd80000,0x00000000ecd80000,0x00000000ed000000)
 ParOldGen       total 42496K, used 1652K [0x00000000c3a00000, 0x00000000c6380000, 0x00000000ebe00000)
  object space 42496K, 3% used [0x00000000c3a00000,0x00000000c3b9d100,0x00000000c6380000)
 Metaspace       used 10979K, capacity 11166K, committed 11392K, reserved 1058816K
  class space    used 1291K, capacity 1379K, committed 1408K, reserved 1048576K
Event: 0.949 GC heap after
Heap after GC invocations=3 (full 0):
 PSYoungGen      total 18432K, used 2544K [0x00000000ebe00000, 0x00000000ee200000, 0x0000000100000000)
  eden space 15872K, 0% used [0x00000000ebe00000,0x00000000ebe00000,0x00000000ecd80000)
  from space 2560K, 99% used [0x00000000ecd80000,0x00000000ecffc010,0x00000000ed000000)
  to   space 2560K, 0% used [0x00000000edf80000,0x00000000edf80000,0x00000000ee200000)
 ParOldGen       total 42496K, used 3976K [0x00000000c3a00000, 0x00000000c6380000, 0x00000000ebe00000)
  object space 42496K, 9% used [0x00000000c3a00000,0x00000000c3de2250,0x00000000c6380000)
 Metaspace       used 10979K, capacity 11166K, committed 11392K, reserved 1058816K
  class space    used 1291K, capacity 1379K, committed 1408K, reserved 1048576K
}
Event: 1.299 GC heap before
{Heap before GC invocations=4 (full 0):
 PSYoungGen      total 18432K, used 18416K [0x00000000ebe00000, 0x00000000ee200000, 0x0000000100000000)
  eden space 15872K, 100% used [0x00000000ebe00000,0x00000000ecd80000,0x00000000ecd80000)
  from space 2560K, 99% used [0x00000000ecd80000,0x00000000ecffc010,0x00000000ed000000)
  to   space 2560K, 0% used [0x00000000edf80000,0x00000000edf80000,0x00000000ee200000)
 ParOldGen       total 42496K, used 3976K [0x00000000c3a00000, 0x00000000c6380000, 0x00000000ebe00000)
  object space 42496K, 9% used [0x00000000c3a00000,0x00000000c3de2250,0x00000000c6380000)
 Metaspace       used 13369K, capacity 13508K, committed 13824K, reserved 1060864K
  class space    used 1597K, capacity 1678K, committed 1792K, reserved 1048576K
Event: 1.306 GC heap after
Heap after GC invocations=4 (full 0):
 PSYoungGen      total 34304K, used 2528K [0x00000000ebe00000, 0x00000000ee200000, 0x0000000100000000)
  eden space 31744K, 0% used [0x00000000ebe00000,0x00000000ebe00000,0x00000000edd00000)
  from space 2560K, 98% used [0x00000000edf80000,0x00000000ee1f8020,0x00000000ee200000)
  to   space 2560K, 0% used [0x00000000edd00000,0x00000000edd00000,0x00000000edf80000)
 ParOldGen       total 42496K, used 6773K [0x00000000c3a00000, 0x00000000c6380000, 0x00000000ebe00000)
  object space 42496K, 15% used [0x00000000c3a00000,0x00000000c409d4f8,0x00000000c6380000)
 Metaspace       used 13369K, capacity 13508K, committed 13824K, reserved 1060864K
  class space    used 1597K, capacity 1678K, committed 1792K, reserved 1048576K
}
Event: 2.119 GC heap before
{Heap before GC invocations=5 (full 0):
 PSYoungGen      total 34304K, used 34272K [0x00000000ebe00000, 0x00000000ee200000, 0x0000000100000000)
  eden space 31744K, 100% used [0x00000000ebe00000,0x00000000edd00000,0x00000000edd00000)
  from space 2560K, 98% used [0x00000000edf80000,0x00000000ee1f8020,0x00000000ee200000)
  to   space 2560K, 0% used [0x00000000edd00000,0x00000000edd00000,0x00000000edf80000)
 ParOldGen       total 42496K, used 6773K [0x00000000c3a00000, 0x00000000c6380000, 0x00000000ebe00000)
  object space 42496K, 15% used [0x00000000c3a00000,0x00000000c409d4f8,0x00000000c6380000)
 Metaspace       used 16699K, capacity 16994K, committed 17152K, reserved 1064960K
  class space    used 1915K, capacity 2016K, committed 2048K, reserved 1048576K
Event: 2.131 GC heap after
Heap after GC invocations=5 (full 0):
 PSYoungGen      total 34304K, used 2544K [0x00000000ebe00000, 0x00000000f0c00000, 0x0000000100000000)
  eden space 31744K, 0% used [0x00000000ebe00000,0x00000000ebe00000,0x00000000edd00000)
  from space 2560K, 99% used [0x00000000edd00000,0x00000000edf7c010,0x00000000edf80000)
  to   space 8192K, 0% used [0x00000000f0400000,0x00000000f0400000,0x00000000f0c00000)
 ParOldGen       total 42496K, used 12066K [0x00000000c3a00000, 0x00000000c6380000, 0x00000000ebe00000)
  object space 42496K, 28% used [0x00000000c3a00000,0x00000000c45c8b10,0x00000000c6380000)
 Metaspace       used 16699K, capacity 16994K, committed 17152K, reserved 1064960K
  class space    used 1915K, capacity 2016K, committed 2048K, reserved 1048576K
}

Deoptimization events (10 events):
Event: 4.501 Thread 0x00007f7c0c009800 Uncommon trap: reason=predicate action=maybe_recompile pc=0x00007f7bfced61a4 method=sun.net.www.ParseUtil.encodePath(Ljava/lang/String;Z)Ljava/lang/String; @ 36
Event: 4.536 Thread 0x00007f7c0c009800 Uncommon trap: reason=unstable_if action=reinterpret pc=0x00007f7bfd2e3290 method=java.io.ByteArrayInputStream.read([BII)I @ 63
Event: 4.611 Thread 0x00007f7c0c009800 Uncommon trap: reason=bimorphic action=maybe_recompile pc=0x00007f7bfd34baac method=java.util.Hashtable.put(Ljava/lang/Object;Ljava/lang/Object;)Ljava/lang/Object; @ 18
Event: 4.611 Thread 0x00007f7c0c009800 Uncommon trap: reason=bimorphic action=maybe_recompile pc=0x00007f7bfd34baac method=java.util.Hashtable.put(Ljava/lang/Object;Ljava/lang/Object;)Ljava/lang/Object; @ 18
Event: 4.611 Thread 0x00007f7c0c009800 Uncommon trap: reason=bimorphic action=maybe_recompile pc=0x00007f7bfd34baac method=java.util.Hashtable.put(Ljava/lang/Object;Ljava/lang/Object;)Ljava/lang/Object; @ 18
Event: 4.611 Thread 0x00007f7c0c009800 Uncommon trap: reason=bimorphic action=maybe_recompile pc=0x00007f7bfd34baac method=java.util.Hashtable.put(Ljava/lang/Object;Ljava/lang/Object;)Ljava/lang/Object; @ 18
Event: 4.611 Thread 0x00007f7c0c009800 Uncommon trap: reason=class_check action=maybe_recompile pc=0x00007f7bfd27f368 method=java.util.Hashtable.addEntry(ILjava/lang/Object;Ljava/lang/Object;I)V @ 38
Event: 4.612 Thread 0x00007f7c0c009800 Uncommon trap: reason=unstable_if action=reinterpret pc=0x00007f7bfced3460 method=java.lang.CharacterDataLatin1.isWhitespace(I)Z @ 14
Event: 4.614 Thread 0x00007f7c0c009800 Uncommon trap: reason=unstable_if action=reinterpret pc=0x00007f7bfd28dc48 method=java.lang.CharacterData.of(I)Ljava/lang/CharacterData; @ 4
Event: 4.616 Thread 0x00007f7c0c009800 Uncommon trap: reason=class_check action=maybe_recompile pc=0x00007f7bfd27f368 method=java.util.Hashtable.addEntry(ILjava/lang/Object;Ljava/lang/Object;I)V @ 38

Internal exceptions (10 events):
Event: 1.946 Thread 0x00007f7c0c009800 Exception <a 'java/lang/NullPointerException'> (0x00000000ed83e078) thrown at [/builddir/build/BUILD/java-1.8.0-openjdk-1.8.0.111-5.b16.fc25.x86_64/openjdk/hotspot/src/share/vm/interpreter/linkResolver.cpp, line 1178]
Event: 1.948 Thread 0x00007f7c0c009800 Exception <a 'java/lang/NullPointerException'> (0x00000000ed876c50) thrown at [/builddir/build/BUILD/java-1.8.0-openjdk-1.8.0.111-5.b16.fc25.x86_64/openjdk/hotspot/src/share/vm/interpreter/linkResolver.cpp, line 1178]
Event: 1.948 Thread 0x00007f7c0c009800 Exception <a 'java/lang/NullPointerException'> (0x00000000ed877050) thrown at [/builddir/build/BUILD/java-1.8.0-openjdk-1.8.0.111-5.b16.fc25.x86_64/openjdk/hotspot/src/share/vm/interpreter/linkResolver.cpp, line 1178]
Event: 1.948 Thread 0x00007f7c0c009800 Exception <a 'java/lang/NullPointerException'> (0x00000000ed877450) thrown at [/builddir/build/BUILD/java-1.8.0-openjdk-1.8.0.111-5.b16.fc25.x86_64/openjdk/hotspot/src/share/vm/interpreter/linkResolver.cpp, line 1178]
Event: 1.951 Thread 0x00007f7c0c009800 Exception <a 'java/lang/NullPointerException'> (0x00000000ed8a4da0) thrown at [/builddir/build/BUILD/java-1.8.0-openjdk-1.8.0.111-5.b16.fc25.x86_64/openjdk/hotspot/src/share/vm/interpreter/linkResolver.cpp, line 1178]
Event: 1.951 Thread 0x00007f7c0c009800 Exception <a 'java/lang/NullPointerException'> (0x00000000ed8a51a0) thrown at [/builddir/build/BUILD/java-1.8.0-openjdk-1.8.0.111-5.b16.fc25.x86_64/openjdk/hotspot/src/share/vm/interpreter/linkResolver.cpp, line 1178]
Event: 1.951 Thread 0x00007f7c0c009800 Exception <a 'java/lang/NullPointerException'> (0x00000000ed8a55a0) thrown at [/builddir/build/BUILD/java-1.8.0-openjdk-1.8.0.111-5.b16.fc25.x86_64/openjdk/hotspot/src/share/vm/interpreter/linkResolver.cpp, line 1178]
Event: 1.981 Thread 0x00007f7c0c009800 Exception <a 'java/lang/NoClassDefFoundError': org/apache/log4j/Priority> (0x00000000ed993480) thrown at [/builddir/build/BUILD/java-1.8.0-openjdk-1.8.0.111-5.b16.fc25.x86_64/openjdk/hotspot/src/share/vm/classfile/systemDictionary.cpp, line 199]
Event: 4.683 Thread 0x00007f7c0c009800 Exception <a 'java/lang/NoSuchFieldError': method resolution failed> (0x00000000ece68090) thrown at [/builddir/build/BUILD/java-1.8.0-openjdk-1.8.0.111-5.b16.fc25.x86_64/openjdk/hotspot/src/share/vm/prims/methodHandles.cpp, line 1146]
Event: 4.685 Thread 0x00007f7c0c009800 Exception <a 'java/lang/NoSuchFieldError': method resolution failed> (0x00000000ece75f28) thrown at [/builddir/build/BUILD/java-1.8.0-openjdk-1.8.0.111-5.b16.fc25.x86_64/openjdk/hotspot/src/share/vm/prims/methodHandles.cpp, line 1146]

Events (10 events):
Event: 4.718 loading class java/security/spec/ECPublicKeySpec
Event: 4.718 loading class java/security/spec/ECPublicKeySpec done
Event: 4.718 loading class sun/security/rsa/RSASignature$SHA512withRSA
Event: 4.718 loading class sun/security/rsa/RSASignature$SHA512withRSA done
Event: 4.718 loading class sun/security/provider/SHA5$SHA512
Event: 4.718 loading class sun/security/provider/SHA5
Event: 4.718 loading class sun/security/provider/SHA5 done
Event: 4.719 loading class sun/security/provider/SHA5$SHA512 done
Event: 4.720 loading class sun/security/ssl/ECDHCrypt
Event: 4.720 loading class sun/security/ssl/ECDHCrypt done


Dynamic libraries:
c3a00000-d2c80000 rw-p 00000000 00:00 0 
d2c80000-ebe00000 ---p 00000000 00:00 0 
ebe00000-f0c00000 rw-p 00000000 00:00 0 
f0c00000-100000000 ---p 00000000 00:00 0 
100000000-100280000 rw-p 00000000 00:00 0 
100280000-140000000 ---p 00000000 00:00 0 
56210f965000-56210f966000 r-xp 00000000 fd:00 2374073                    /usr/lib/jvm/java-1.8.0-openjdk-1.8.0.111-5.b16.fc25.x86_64/bin/java
56210fb65000-56210fb66000 r--p 00000000 fd:00 2374073                    /usr/lib/jvm/java-1.8.0-openjdk-1.8.0.111-5.b16.fc25.x86_64/bin/java
56210fb66000-56210fb67000 rw-p 00001000 fd:00 2374073                    /usr/lib/jvm/java-1.8.0-openjdk-1.8.0.111-5.b16.fc25.x86_64/bin/java
56211085a000-56211087b000 rw-p 00000000 00:00 0                          [heap]
7f7bba5b8000-7f7bba5f8000 rw-p 00000000 00:00 0 
7f7bba5f8000-7f7bba7b8000 ---p 00000000 00:00 0 
7f7bba7b8000-7f7bba9b8000 rw-p 00000000 00:00 0 
7f7bba9b8000-7f7bba9cf000 r-xp 00000000 fd:00 2236587                    /usr/lib64/libresolv-2.24.so
7f7bba9cf000-7f7bbabcf000 ---p 00017000 fd:00 2236587                    /usr/lib64/libresolv-2.24.so
7f7bbabcf000-7f7bbabd0000 r--p 00017000 fd:00 2236587                    /usr/lib64/libresolv-2.24.so
7f7bbabd0000-7f7bbabd1000 rw-p 00018000 fd:00 2236587                    /usr/lib64/libresolv-2.24.so
7f7bbabd1000-7f7bbabd3000 rw-p 00000000 00:00 0 
7f7bbabd3000-7f7bbabd8000 r-xp 00000000 fd:00 2236508                    /usr/lib64/libnss_dns-2.24.so
7f7bbabd8000-7f7bbadd8000 ---p 00005000 fd:00 2236508                    /usr/lib64/libnss_dns-2.24.so
7f7bbadd8000-7f7bbadd9000 r--p 00005000 fd:00 2236508                    /usr/lib64/libnss_dns-2.24.so
7f7bbadd9000-7f7bbadda000 rw-p 00006000 fd:00 2236508                    /usr/lib64/libnss_dns-2.24.so
7f7bbadda000-7f7bbaddc000 r-xp 00000000 fd:00 2237857                    /usr/lib64/libnss_mdns4_minimal.so.2
7f7bbaddc000-7f7bbafdb000 ---p 00002000 fd:00 2237857                    /usr/lib64/libnss_mdns4_minimal.so.2
7f7bbafdb000-7f7bbafdc000 r--p 00001000 fd:00 2237857                    /usr/lib64/libnss_mdns4_minimal.so.2
7f7bbafdc000-7f7bbb1dd000 rw-p 00000000 00:00 0 
7f7bbb1dd000-7f7bbb259000 r-xp 00000000 fd:00 2235423                    /usr/lib64/libfreeblpriv3.so
7f7bbb259000-7f7bbb459000 ---p 0007c000 fd:00 2235423                    /usr/lib64/libfreeblpriv3.so
7f7bbb459000-7f7bbb45b000 r--p 0007c000 fd:00 2235423                    /usr/lib64/libfreeblpriv3.so
7f7bbb45b000-7f7bbb45c000 rw-p 0007e000 fd:00 2235423                    /usr/lib64/libfreeblpriv3.so
7f7bbb45c000-7f7bbb460000 rw-p 00000000 00:00 0 
7f7bbb460000-7f7bbb49b000 r-xp 00000000 fd:00 2237851                    /usr/lib64/libnspr4.so
7f7bbb49b000-7f7bbb69a000 ---p 0003b000 fd:00 2237851                    /usr/lib64/libnspr4.so
7f7bbb69a000-7f7bbb69b000 r--p 0003a000 fd:00 2237851                    /usr/lib64/libnspr4.so
7f7bbb69b000-7f7bbb69d000 rw-p 0003b000 fd:00 2237851                    /usr/lib64/libnspr4.so
7f7bbb69d000-7f7bbb69f000 rw-p 00000000 00:00 0 
7f7bbb69f000-7f7bbb6a3000 r-xp 00000000 fd:00 2237925                    /usr/lib64/libplc4.so
7f7bbb6a3000-7f7bbb8a2000 ---p 00004000 fd:00 2237925                    /usr/lib64/libplc4.so
7f7bbb8a2000-7f7bbb8a3000 r--p 00003000 fd:00 2237925                    /usr/lib64/libplc4.so
7f7bbb8a3000-7f7bbb8a4000 rw-p 00004000 fd:00 2237925                    /usr/lib64/libplc4.so
7f7bbb8a4000-7f7bbb8a7000 r-xp 00000000 fd:00 2237926                    /usr/lib64/libplds4.so
7f7bbb8a7000-7f7bbbaa6000 ---p 00003000 fd:00 2237926                    /usr/lib64/libplds4.so
7f7bbbaa6000-7f7bbbaa7000 r--p 00002000 fd:00 2237926                    /usr/lib64/libplds4.so
7f7bbbaa7000-7f7bbbaa8000 rw-p 00003000 fd:00 2237926                    /usr/lib64/libplds4.so
7f7bbbaa8000-7f7bbbacf000 r-xp 00000000 fd:00 2234514                    /usr/lib64/libnssutil3.so
7f7bbbacf000-7f7bbbcce000 ---p 00027000 fd:00 2234514                    /usr/lib64/libnssutil3.so
7f7bbbcce000-7f7bbbcd5000 r--p 00026000 fd:00 2234514                    /usr/lib64/libnssutil3.so
7f7bbbcd5000-7f7bbbcd6000 rw-p 0002d000 fd:00 2234514                    /usr/lib64/libnssutil3.so
7f7bbbcd6000-7f7bbbdf8000 r-xp 00000000 fd:00 2229548                    /usr/lib64/libnss3.so
7f7bbbdf8000-7f7bbbff7000 ---p 00122000 fd:00 2229548                    /usr/lib64/libnss3.so
7f7bbbff7000-7f7bbbffc000 r--p 00121000 fd:00 2229548                    /usr/lib64/libnss3.so
7f7bbbffc000-7f7bbbffe000 rw-p 00126000 fd:00 2229548                    /usr/lib64/libnss3.so
7f7bbbffe000-7f7bbc000000 rw-p 00000000 00:00 0 
7f7bbc000000-7f7bbc021000 rw-p 00000000 00:00 0 
7f7bbc021000-7f7bc0000000 ---p 00000000 00:00 0 
7f7bc0000000-7f7bc0021000 rw-p 00000000 00:00 0 
7f7bc0021000-7f7bc4000000 ---p 00000000 00:00 0 
7f7bc4000000-7f7bc6437000 rw-p 00000000 00:00 0 
7f7bc6437000-7f7bc8000000 ---p 00000000 00:00 0 
7f7bc8000000-7f7bc8462000 rw-p 00000000 00:00 0 
7f7bc8462000-7f7bcc000000 ---p 00000000 00:00 0 
7f7bcc000000-7f7bce536000 rw-p 00000000 00:00 0 
7f7bce536000-7f7bd0000000 ---p 00000000 00:00 0 
7f7bd015e000-7f7bd0182000 r-xp 00000000 fd:00 2235430                    /usr/lib64/libsmime3.so
7f7bd0182000-7f7bd0381000 ---p 00024000 fd:00 2235430                    /usr/lib64/libsmime3.so
7f7bd0381000-7f7bd0384000 r--p 00023000 fd:00 2235430                    /usr/lib64/libsmime3.so
7f7bd0384000-7f7bd0385000 rw-p 00026000 fd:00 2235430                    /usr/lib64/libsmime3.so
7f7bd0385000-7f7bd03cb000 r-xp 00000000 fd:00 2235431                    /usr/lib64/libssl3.so
7f7bd03cb000-7f7bd05cb000 ---p 00046000 fd:00 2235431                    /usr/lib64/libssl3.so
7f7bd05cb000-7f7bd05cf000 r--p 00046000 fd:00 2235431                    /usr/lib64/libssl3.so
7f7bd05cf000-7f7bd05d0000 rw-p 0004a000 fd:00 2235431                    /usr/lib64/libssl3.so
7f7bd05d0000-7f7bd05d1000 rw-p 00000000 00:00 0 
7f7bd05d4000-7f7bd05da000 r--s 00043000 fd:00 2373810                    /usr/lib/jvm/java-1.8.0-openjdk-1.8.0.111-5.b16.fc25.x86_64/jre/lib/ext/sunjce_provider.jar
7f7bd05da000-7f7bd05ed000 r--s 00346000 fd:00 2373796                    /usr/lib/jvm/java-1.8.0-openjdk-1.8.0.111-5.b16.fc25.x86_64/jre/lib/resources.jar
7f7bd05ed000-7f7bd05f9000 r-xp 00000000 fd:00 2633257                    /usr/lib/jvm/java-1.8.0-openjdk-1.8.0.111-5.b16.fc25.x86_64/jre/lib/amd64/libsunec.so
7f7bd05f9000-7f7bd07f8000 ---p 0000c000 fd:00 2633257                    /usr/lib/jvm/java-1.8.0-openjdk-1.8.0.111-5.b16.fc25.x86_64/jre/lib/amd64/libsunec.so
7f7bd07f8000-7f7bd07f9000 r--p 0000b000 fd:00 2633257                    /usr/lib/jvm/java-1.8.0-openjdk-1.8.0.111-5.b16.fc25.x86_64/jre/lib/amd64/libsunec.so
7f7bd07f9000-7f7bd07fa000 rw-p 00000000 00:00 0 
7f7bd07fa000-7f7bd07fc000 r--s 00007000 fd:00 2373809                    /usr/lib/jvm/java-1.8.0-openjdk-1.8.0.111-5.b16.fc25.x86_64/jre/lib/ext/sunec.jar
7f7bd07fc000-7f7bd07ff000 r--s 00018000 fd:00 2374049                    /usr/lib/jvm/java-1.8.0-openjdk-1.8.0.111-5.b16.fc25.x86_64/jre/lib/jce.jar
7f7bd07ff000-7f7bd0810000 r-xp 00000000 fd:00 2633253                    /usr/lib/jvm/java-1.8.0-openjdk-1.8.0.111-5.b16.fc25.x86_64/jre/lib/amd64/libnio.so
7f7bd0810000-7f7bd0a10000 ---p 00011000 fd:00 2633253                    /usr/lib/jvm/java-1.8.0-openjdk-1.8.0.111-5.b16.fc25.x86_64/jre/lib/amd64/libnio.so
7f7bd0a10000-7f7bd0a11000 r--p 00011000 fd:00 2633253                    /usr/lib/jvm/java-1.8.0-openjdk-1.8.0.111-5.b16.fc25.x86_64/jre/lib/amd64/libnio.so
7f7bd0a11000-7f7bd0a12000 rw-p 00012000 fd:00 2633253                    /usr/lib/jvm/java-1.8.0-openjdk-1.8.0.111-5.b16.fc25.x86_64/jre/lib/amd64/libnio.so
7f7bd0a12000-7f7bd0a29000 r-xp 00000000 fd:00 2633252                    /usr/lib/jvm/java-1.8.0-openjdk-1.8.0.111-5.b16.fc25.x86_64/jre/lib/amd64/libnet.so
7f7bd0a29000-7f7bd0c28000 ---p 00017000 fd:00 2633252                    /usr/lib/jvm/java-1.8.0-openjdk-1.8.0.111-5.b16.fc25.x86_64/jre/lib/amd64/libnet.so
7f7bd0c28000-7f7bd0c29000 r--p 00016000 fd:00 2633252                    /usr/lib/jvm/java-1.8.0-openjdk-1.8.0.111-5.b16.fc25.x86_64/jre/lib/amd64/libnet.so
7f7bd0c29000-7f7bd0c2a000 rw-p 00017000 fd:00 2633252                    /usr/lib/jvm/java-1.8.0-openjdk-1.8.0.111-5.b16.fc25.x86_64/jre/lib/amd64/libnet.so
7f7bd0c2a000-7f7bd0e2a000 rw-p 00000000 00:00 0 
7f7bd0e2a000-7f7bd0e2e000 r--s 000b0000 fd:00 2374051                    /usr/lib/jvm/java-1.8.0-openjdk-1.8.0.111-5.b16.fc25.x86_64/jre/lib/jsse.jar
7f7bd0e2e000-7f7bd102e000 rw-p 00000000 00:00 0 
7f7bd102e000-7f7bd122e000 rw-p 00000000 00:00 0 
7f7bd122e000-7f7bd1230000 r--s 00001000 fd:00 2896384                    /usr/share/java/aopalliance.jar
7f7bd1230000-7f7bd1232000 r--s 00005000 fd:00 2896427                    /usr/share/java/aether/aether-transport-wagon.jar
7f7bd1232000-7f7bd1236000 r--s 0000d000 fd:00 2896464                    /usr/share/java/cdi-api/cdi-api.jar
7f7bd1236000-7f7bd1238000 r--s 00000000 fd:00 2896251                    /usr/share/java/plexus-containers/plexus-component-annotations.jar
7f7bd1238000-7f7bd123a000 r--s 0000b000 fd:00 2896405                    /usr/share/java/maven/maven-plugin-api.jar
7f7bd123a000-7f7bd1265000 r--s 001f1000 fd:00 2896273                    /usr/share/java/guava.jar
7f7bd1265000-7f7bd1266000 ---p 00000000 00:00 0 
7f7bd1266000-7f7bd1366000 rw-p 00000000 00:00 0 
7f7bd1366000-7f7bd1369000 ---p 00000000 00:00 0 
7f7bd1369000-7f7bd1467000 rw-p 00000000 00:00 0 
7f7bd1467000-7f7bd8000000 r--p 00000000 fd:00 2232227                    /usr/lib/locale/locale-archive
7f7bd8000000-7f7bd8021000 rw-p 00000000 00:00 0 
7f7bd8021000-7f7bdc000000 ---p 00000000 00:00 0 
7f7bdc000000-7f7bdc021000 rw-p 00000000 00:00 0 
7f7bdc021000-7f7be0000000 ---p 00000000 00:00 0 
7f7be0000000-7f7be0021000 rw-p 00000000 00:00 0 
7f7be0021000-7f7be4000000 ---p 00000000 00:00 0 
7f7be4000000-7f7be4021000 rw-p 00000000 00:00 0 
7f7be4021000-7f7be8000000 ---p 00000000 00:00 0 
7f7be8000000-7f7be8021000 rw-p 00000000 00:00 0 
7f7be8021000-7f7bec000000 ---p 00000000 00:00 0 
7f7bec000000-7f7bec021000 rw-p 00000000 00:00 0 
7f7bec021000-7f7bf0000000 ---p 00000000 00:00 0 
7f7bf0000000-7f7bf0021000 rw-p 00000000 00:00 0 
7f7bf0021000-7f7bf4000000 ---p 00000000 00:00 0 
7f7bf4000000-7f7bf4001000 r--s 0000b000 fd:00 2896408                    /usr/share/java/maven/maven-settings.jar
7f7bf4001000-7f7bf4004000 r--s 0000c000 fd:00 2896006                    /usr/share/java/maven-wagon/provider-api.jar
7f7bf4004000-7f7bf4006000 r--s 00027000 fd:00 2896404                    /usr/share/java/maven/maven-model.jar
7f7bf4006000-7f7bf4008000 r--s 00003000 fd:00 2896478                    /usr/share/java/jsr-305.jar
7f7bf4008000-7f7bf400a000 r--s 00008000 fd:00 2896447                    /usr/share/java/maven-wagon/http.jar
7f7bf400a000-7f7bf400d000 ---p 00000000 00:00 0 
7f7bf400d000-7f7bf410b000 rw-p 00000000 00:00 0 
7f7bf410b000-7f7bf410e000 ---p 00000000 00:00 0 
7f7bf410e000-7f7bf420c000 rw-p 00000000 00:00 0 
7f7bf420c000-7f7bf420f000 ---p 00000000 00:00 0 
7f7bf420f000-7f7bf430d000 rw-p 00000000 00:00 0 
7f7bf430d000-7f7bf4310000 ---p 00000000 00:00 0 
7f7bf4310000-7f7bf440e000 rw-p 00000000 00:00 0 
7f7bf440e000-7f7bf4411000 ---p 00000000 00:00 0 
7f7bf4411000-7f7bf450f000 rw-p 00000000 00:00 0 
7f7bf450f000-7f7bf4512000 ---p 00000000 00:00 0 
7f7bf4512000-7f7bf4610000 rw-p 00000000 00:00 0 
7f7bf4610000-7f7bf4611000 ---p 00000000 00:00 0 
7f7bf4611000-7f7bf5620000 rw-p 00000000 00:00 0 
7f7bf5620000-7f7bf57ed000 r--s 043c9000 fd:00 2374057                    /usr/lib/jvm/java-1.8.0-openjdk-1.8.0.111-5.b16.fc25.x86_64/jre/lib/rt.jar
7f7bf57ed000-7f7bf8000000 rw-p 00000000 00:00 0 
7f7bf8000000-7f7bf8021000 rw-p 00000000 00:00 0 
7f7bf8021000-7f7bfc000000 ---p 00000000 00:00 0 
7f7bfc000000-7f7bfc001000 r--s 00003000 fd:00 2896371                    /usr/share/java/maven-wagon/http-shared.jar
7f7bfc001000-7f7bfc003000 r--s 00002000 fd:00 2896262                    /usr/share/java/plexus/plexus-cipher.jar
7f7bfc003000-7f7bfc004000 r--s 00002000 fd:00 2896314                    /usr/share/java/slf4j/slf4j-simple.jar
7f7bfc004000-7f7bfc009000 r--s 00027000 fd:00 2896403                    /usr/share/java/maven/maven-model-builder.jar
7f7bfc009000-7f7bfc00b000 r--s 00008000 fd:00 2896430                    /usr/share/java/aether/aether-connector-basic.jar
7f7bfc00b000-7f7bfc013000 r--s 00049000 fd:00 2896267                    /usr/share/java/httpcomponents/httpcore.jar
7f7bfc013000-7f7bfc015000 r--s 00010000 fd:00 2896397                    /usr/share/java/maven/maven-aether-provider.jar
7f7bfc015000-7f7bfc016000 r--s 00000000 fd:00 2896280                    /usr/share/java/atinject.jar
7f7bfc016000-7f7bfc018000 r--s 0000c000 fd:00 2896380                    /usr/share/java/commons-cli.jar
7f7bfc018000-7f7bfc01c000 r--s 00029000 fd:00 2896367                    /usr/share/java/commons-io.jar
7f7bfc01c000-7f7bfc022000 r--s 0002d000 fd:00 2896350                    /usr/share/java/org.eclipse.sisu.plexus.jar
7f7bfc022000-7f7bfc029000 r--s 0004a000 fd:00 2896355                    /usr/share/java/jsoup/jsoup.jar
7f7bfc029000-7f7bfc02c000 r--s 00011000 fd:00 2896323                    /usr/share/java/plexus/interpolation.jar
7f7bfc02c000-7f7bfc02e000 r--s 00009000 fd:00 2896312                    /usr/share/java/slf4j/slf4j-api.jar
7f7bfc02e000-7f7bfc030000 r--s 00006000 fd:00 2895988                    /usr/share/java/aether/aether-spi.jar
7f7bfc030000-7f7bfc033000 r--s 0000c000 fd:00 2896398                    /usr/share/java/maven/maven-artifact.jar
7f7bfc033000-7f7bfc03a000 r--s 0003f000 fd:00 2896346                    /usr/share/java/org.eclipse.sisu.inject.jar
7f7bfc03a000-7f7bfc043000 r--s 0005f000 fd:00 2896390                    /usr/share/java/guice/google-guice-no_aop.jar
7f7bfc043000-7f7bfc048000 r--s 00041000 fd:00 2896297                    /usr/share/java/apache-commons-lang.jar
7f7bfc048000-7f7bfc04d000 r--s 0001e000 fd:00 2894399                    /usr/share/java/aether/aether-api.jar
7f7bfc04d000-7f7bfc05a000 r--s 00098000 fd:00 2896440                    /usr/share/java/httpcomponents/httpclient.jar
7f7bfc05a000-7f7bfc05f000 r--s 00021000 fd:00 2895995                    /usr/share/java/aether/aether-util.jar
7f7bfc05f000-7f7bfc06c000 r--s 0008e000 fd:00 2896401                    /usr/share/java/maven/maven-core.jar
7f7bfc06c000-7f7bfc0fb000 rw-p 00000000 00:00 0 
7f7bfc0fb000-7f7bfc0fc000 ---p 00000000 00:00 0 
7f7bfc0fc000-7f7bfc1fc000 rw-p 00000000 00:00 0 
7f7bfc1fc000-7f7bfc1fd000 ---p 00000000 00:00 0 
7f7bfc1fd000-7f7bfc2fd000 rw-p 00000000 00:00 0 
7f7bfc2fd000-7f7bfc2fe000 ---p 00000000 00:00 0 
7f7bfc2fe000-7f7bfc3fe000 rw-p 00000000 00:00 0 
7f7bfc3fe000-7f7bfc3ff000 ---p 00000000 00:00 0 
7f7bfc3ff000-7f7bfc579000 rw-p 00000000 00:00 0 
7f7bfc579000-7f7bfc641000 ---p 00000000 00:00 0 
7f7bfc641000-7f7bfc6bb000 rw-p 00000000 00:00 0 
7f7bfc6bb000-7f7bfc783000 ---p 00000000 00:00 0 
7f7bfc783000-7f7bfc7aa000 rw-p 00000000 00:00 0 
7f7bfc7aa000-7f7bfc824000 ---p 00000000 00:00 0 
7f7bfc824000-7f7bfc846000 rw-p 00000000 00:00 0 
7f7bfc846000-7f7bfcbe5000 ---p 00000000 00:00 0 
7f7bfcbe5000-7f7bfd405000 rwxp 00000000 00:00 0 
7f7bfd405000-7f7c0bbe5000 ---p 00000000 00:00 0 
7f7c0bbe5000-7f7c0bbed000 r-xp 00000000 fd:00 2633260                    /usr/lib/jvm/java-1.8.0-openjdk-1.8.0.111-5.b16.fc25.x86_64/jre/lib/amd64/libzip.so
7f7c0bbed000-7f7c0bdec000 ---p 00008000 fd:00 2633260                    /usr/lib/jvm/java-1.8.0-openjdk-1.8.0.111-5.b16.fc25.x86_64/jre/lib/amd64/libzip.so
7f7c0bdec000-7f7c0bded000 r--p 00007000 fd:00 2633260                    /usr/lib/jvm/java-1.8.0-openjdk-1.8.0.111-5.b16.fc25.x86_64/jre/lib/amd64/libzip.so
7f7c0bded000-7f7c0bdee000 rw-p 00000000 00:00 0 
7f7c0bdee000-7f7c0bdf8000 r-xp 00000000 fd:00 2236509                    /usr/lib64/libnss_files-2.24.so
7f7c0bdf8000-7f7c0bff8000 ---p 0000a000 fd:00 2236509                    /usr/lib64/libnss_files-2.24.so
7f7c0bff8000-7f7c0bff9000 r--p 0000a000 fd:00 2236509                    /usr/lib64/libnss_files-2.24.so
7f7c0bff9000-7f7c0bffa000 rw-p 0000b000 fd:00 2236509                    /usr/lib64/libnss_files-2.24.so
7f7c0bffa000-7f7c0c000000 rw-p 00000000 00:00 0 
7f7c0c000000-7f7c0c947000 rw-p 00000000 00:00 0 
7f7c0c947000-7f7c10000000 ---p 00000000 00:00 0 
7f7c10000000-7f7c10001000 r--s 00007000 fd:00 2896406                    /usr/share/java/maven/maven-repository-metadata.jar
7f7c10001000-7f7c10003000 r--s 0000a000 fd:00 2896407                    /usr/share/java/maven/maven-settings-builder.jar
7f7c10003000-7f7c10007000 r--s 00028000 fd:00 2896305                    /usr/share/java/aether/aether-impl.jar
7f7c10007000-7f7c1000d000 r--s 00041000 fd:00 2896400                    /usr/share/java/maven/maven-compat.jar
7f7c1000d000-7f7c10014000 r--s 00062000 fd:00 2896361                    /usr/share/java/apache-commons-lang3.jar
7f7c10014000-7f7c100ab000 rw-p 00000000 00:00 0 
7f7c100ab000-7f7c100d8000 r-xp 00000000 fd:00 2633242                    /usr/lib/jvm/java-1.8.0-openjdk-1.8.0.111-5.b16.fc25.x86_64/jre/lib/amd64/libjava.so
7f7c100d8000-7f7c102d8000 ---p 0002d000 fd:00 2633242                    /usr/lib/jvm/java-1.8.0-openjdk-1.8.0.111-5.b16.fc25.x86_64/jre/lib/amd64/libjava.so
7f7c102d8000-7f7c102d9000 r--p 0002d000 fd:00 2633242                    /usr/lib/jvm/java-1.8.0-openjdk-1.8.0.111-5.b16.fc25.x86_64/jre/lib/amd64/libjava.so
7f7c102d9000-7f7c102da000 rw-p 0002e000 fd:00 2633242                    /usr/lib/jvm/java-1.8.0-openjdk-1.8.0.111-5.b16.fc25.x86_64/jre/lib/amd64/libjava.so
7f7c102da000-7f7c102db000 rw-p 00000000 00:00 0 
7f7c102db000-7f7c102e8000 r-xp 00000000 fd:00 2633259                    /usr/lib/jvm/java-1.8.0-openjdk-1.8.0.111-5.b16.fc25.x86_64/jre/lib/amd64/libverify.so
7f7c102e8000-7f7c104e7000 ---p 0000d000 fd:00 2633259                    /usr/lib/jvm/java-1.8.0-openjdk-1.8.0.111-5.b16.fc25.x86_64/jre/lib/amd64/libverify.so
7f7c104e7000-7f7c104e9000 r--p 0000c000 fd:00 2633259                    /usr/lib/jvm/java-1.8.0-openjdk-1.8.0.111-5.b16.fc25.x86_64/jre/lib/amd64/libverify.so
7f7c104e9000-7f7c104ea000 rw-p 00000000 00:00 0 
7f7c104ea000-7f7c104f1000 r-xp 00000000 fd:00 2236615                    /usr/lib64/librt-2.24.so
7f7c104f1000-7f7c106f0000 ---p 00007000 fd:00 2236615                    /usr/lib64/librt-2.24.so
7f7c106f0000-7f7c106f1000 r--p 00006000 fd:00 2236615                    /usr/lib64/librt-2.24.so
7f7c106f1000-7f7c106f2000 rw-p 00007000 fd:00 2236615                    /usr/lib64/librt-2.24.so
7f7c106f2000-7f7c10708000 r-xp 00000000 fd:00 2237440                    /usr/lib64/libgcc_s-6.3.1-20161221.so.1
7f7c10708000-7f7c10907000 ---p 00016000 fd:00 2237440                    /usr/lib64/libgcc_s-6.3.1-20161221.so.1
7f7c10907000-7f7c10908000 r--p 00015000 fd:00 2237440                    /usr/lib64/libgcc_s-6.3.1-20161221.so.1
7f7c10908000-7f7c10909000 rw-p 00016000 fd:00 2237440                    /usr/lib64/libgcc_s-6.3.1-20161221.so.1
7f7c10909000-7f7c10a11000 r-xp 00000000 fd:00 2236120                    /usr/lib64/libm-2.24.so
7f7c10a11000-7f7c10c10000 ---p 00108000 fd:00 2236120                    /usr/lib64/libm-2.24.so
7f7c10c10000-7f7c10c11000 r--p 00107000 fd:00 2236120                    /usr/lib64/libm-2.24.so
7f7c10c11000-7f7c10c12000 rw-p 00108000 fd:00 2236120                    /usr/lib64/libm-2.24.so
7f7c10c12000-7f7c10d8a000 r-xp 00000000 fd:00 2236687                    /usr/lib64/libstdc++.so.6.0.22
7f7c10d8a000-7f7c10f8a000 ---p 00178000 fd:00 2236687                    /usr/lib64/libstdc++.so.6.0.22
7f7c10f8a000-7f7c10f94000 r--p 00178000 fd:00 2236687                    /usr/lib64/libstdc++.so.6.0.22
7f7c10f94000-7f7c10f96000 rw-p 00182000 fd:00 2236687                    /usr/lib64/libstdc++.so.6.0.22
7f7c10f96000-7f7c10f9a000 rw-p 00000000 00:00 0 
7f7c10f9a000-7f7c11c33000 r-xp 00000000 fd:00 2633264                    /usr/lib/jvm/java-1.8.0-openjdk-1.8.0.111-5.b16.fc25.x86_64/jre/lib/amd64/server/libjvm.so
7f7c11c33000-7f7c11e32000 ---p 00c99000 fd:00 2633264                    /usr/lib/jvm/java-1.8.0-openjdk-1.8.0.111-5.b16.fc25.x86_64/jre/lib/amd64/server/libjvm.so
7f7c11e32000-7f7c11ec8000 r--p 00c98000 fd:00 2633264                    /usr/lib/jvm/java-1.8.0-openjdk-1.8.0.111-5.b16.fc25.x86_64/jre/lib/amd64/server/libjvm.so
7f7c11ec8000-7f7c11ef1000 rw-p 00d2e000 fd:00 2633264                    /usr/lib/jvm/java-1.8.0-openjdk-1.8.0.111-5.b16.fc25.x86_64/jre/lib/amd64/server/libjvm.so
7f7c11ef1000-7f7c11f21000 rw-p 00000000 00:00 0 
7f7c11f21000-7f7c120de000 r-xp 00000000 fd:00 2235967                    /usr/lib64/libc-2.24.so
7f7c120de000-7f7c122dd000 ---p 001bd000 fd:00 2235967                    /usr/lib64/libc-2.24.so
7f7c122dd000-7f7c122e1000 r--p 001bc000 fd:00 2235967                    /usr/lib64/libc-2.24.so
7f7c122e1000-7f7c122e3000 rw-p 001c0000 fd:00 2235967                    /usr/lib64/libc-2.24.so
7f7c122e3000-7f7c122e7000 rw-p 00000000 00:00 0 
7f7c122e7000-7f7c122ea000 r-xp 00000000 fd:00 2236064                    /usr/lib64/libdl-2.24.so
7f7c122ea000-7f7c124e9000 ---p 00003000 fd:00 2236064                    /usr/lib64/libdl-2.24.so
7f7c124e9000-7f7c124ea000 r--p 00002000 fd:00 2236064                    /usr/lib64/libdl-2.24.so
7f7c124ea000-7f7c124eb000 rw-p 00003000 fd:00 2236064                    /usr/lib64/libdl-2.24.so
7f7c124eb000-7f7c124f8000 r-xp 00000000 fd:00 2374122                    /usr/lib/jvm/java-1.8.0-openjdk-1.8.0.111-5.b16.fc25.x86_64/lib/amd64/jli/libjli.so
7f7c124f8000-7f7c126f8000 ---p 0000d000 fd:00 2374122                    /usr/lib/jvm/java-1.8.0-openjdk-1.8.0.111-5.b16.fc25.x86_64/lib/amd64/jli/libjli.so
7f7c126f8000-7f7c126f9000 r--p 0000d000 fd:00 2374122                    /usr/lib/jvm/java-1.8.0-openjdk-1.8.0.111-5.b16.fc25.x86_64/lib/amd64/jli/libjli.so
7f7c126f9000-7f7c126fa000 rw-p 00000000 00:00 0 
7f7c126fa000-7f7c1270f000 r-xp 00000000 fd:00 2238251                    /usr/lib64/libz.so.1.2.8
7f7c1270f000-7f7c1290e000 ---p 00015000 fd:00 2238251                    /usr/lib64/libz.so.1.2.8
7f7c1290e000-7f7c1290f000 r--p 00014000 fd:00 2238251                    /usr/lib64/libz.so.1.2.8
7f7c1290f000-7f7c12910000 rw-p 00015000 fd:00 2238251                    /usr/lib64/libz.so.1.2.8
7f7c12910000-7f7c12928000 r-xp 00000000 fd:00 2236510                    /usr/lib64/libpthread-2.24.so
7f7c12928000-7f7c12b28000 ---p 00018000 fd:00 2236510                    /usr/lib64/libpthread-2.24.so
7f7c12b28000-7f7c12b29000 r--p 00018000 fd:00 2236510                    /usr/lib64/libpthread-2.24.so
7f7c12b29000-7f7c12b2a000 rw-p 00019000 fd:00 2236510                    /usr/lib64/libpthread-2.24.so
7f7c12b2a000-7f7c12b2e000 rw-p 00000000 00:00 0 
7f7c12b2e000-7f7c12b53000 r-xp 00000000 fd:00 2235181                    /usr/lib64/ld-2.24.so
7f7c12b53000-7f7c12b54000 r--s 00005000 fd:00 2896302                    /usr/share/java/plexus/plexus-sec-dispatcher.jar
7f7c12b54000-7f7c12b58000 r--s 0003b000 fd:00 2896001                    /usr/share/java/plexus/utils.jar
7f7c12b58000-7f7c12c30000 rw-p 00000000 00:00 0 
7f7c12c30000-7f7c12c33000 ---p 00000000 00:00 0 
7f7c12c33000-7f7c12d35000 rw-p 00000000 00:00 0 
7f7c12d35000-7f7c12d38000 r--s 00014000 fd:00 2896402                    /usr/share/java/maven/maven-embedder.jar
7f7c12d38000-7f7c12d3f000 r--s 0003f000 fd:00 2896375                    /usr/share/java/commons-codec.jar
7f7c12d3f000-7f7c12d41000 r--s 0000c000 fd:00 2896334                    /usr/share/java/objectweb-asm/asm.jar
7f7c12d41000-7f7c12d42000 r--s 00004000 fd:00 2896399                    /usr/share/java/maven/maven-builder-support.jar
7f7c12d42000-7f7c12d44000 r--s 0000e000 fd:00 2896292                    /usr/share/java/commons-logging.jar
7f7c12d44000-7f7c12d45000 r--s 00003000 fd:00 2896424                    /usr/share/java/maven-wagon/file.jar
7f7c12d45000-7f7c12d47000 r--s 0000b000 fd:00 2896257                    /usr/share/java/plexus-classworlds.jar
7f7c12d47000-7f7c12d4f000 rw-s 00000000 00:2a 115297                     /tmp/hsperfdata_elhe/11707
7f7c12d4f000-7f7c12d50000 rw-p 00000000 00:00 0 
7f7c12d50000-7f7c12d51000 r--p 00000000 00:00 0 
7f7c12d51000-7f7c12d53000 rw-p 00000000 00:00 0 
7f7c12d53000-7f7c12d54000 r--p 00025000 fd:00 2235181                    /usr/lib64/ld-2.24.so
7f7c12d54000-7f7c12d55000 rw-p 00026000 fd:00 2235181                    /usr/lib64/ld-2.24.so
7f7c12d55000-7f7c12d56000 rw-p 00000000 00:00 0 
7ffe0c440000-7ffe0c462000 rw-p 00000000 00:00 0                          [stack]
7ffe0c532000-7ffe0c534000 r--p 00000000 00:00 0                          [vvar]
7ffe0c534000-7ffe0c536000 r-xp 00000000 00:00 0                          [vdso]
ffffffffff600000-ffffffffff601000 r-xp 00000000 00:00 0                  [vsyscall]

VM Arguments:
jvm_args: -Dclassworlds.conf=/usr/share/maven/bin/m2.conf -Dmaven.home=/usr/share/maven -Dmaven.multiModuleProjectDirectory=/home/elhe/gitWorkspace/robertalab/OpenRobertaParent 
java_command: org.codehaus.plexus.classworlds.launcher.Launcher clean install
java_class_path (initial): /usr/share/maven/boot/plexus-classworlds.jar
Launcher Type: SUN_STANDARD

Environment Variables:
JAVA_HOME=/usr/lib/jvm/java
PATH=/usr/lib64/qt-3.3/bin:/usr/local/bin:/usr/local/sbin:/usr/bin:/usr/sbin:/home/elhe/.local/bin:/home/elhe/bin
USERNAME=elhe
SHELL=/bin/bash
DISPLAY=:0

Signal Handlers:
SIGSEGV: [libjvm.so+0xaa2610], sa_mask[0]=11111111011111111101111111111110, sa_flags=SA_RESTART|SA_SIGINFO
SIGBUS: [libjvm.so+0xaa2610], sa_mask[0]=11111111011111111101111111111110, sa_flags=SA_RESTART|SA_SIGINFO
SIGFPE: [libjvm.so+0x8c6f10], sa_mask[0]=11111111011111111101111111111110, sa_flags=SA_RESTART|SA_SIGINFO
SIGPIPE: SIG_IGN, sa_mask[0]=00000000000000000000000000000000, sa_flags=none
SIGXFSZ: [libjvm.so+0x8c6f10], sa_mask[0]=11111111011111111101111111111110, sa_flags=SA_RESTART|SA_SIGINFO
SIGILL: [libjvm.so+0x8c6f10], sa_mask[0]=11111111011111111101111111111110, sa_flags=SA_RESTART|SA_SIGINFO
SIGUSR1: SIG_DFL, sa_mask[0]=00000000000000000000000000000000, sa_flags=none
SIGUSR2: [libjvm.so+0x8c6dc0], sa_mask[0]=00000000000000000000000000000000, sa_flags=SA_RESTART|SA_SIGINFO
SIGHUP: [libjvm.so+0x8c7270], sa_mask[0]=11111111011111111101111111111110, sa_flags=SA_RESTART|SA_SIGINFO
SIGINT: [libjvm.so+0x8c7270], sa_mask[0]=11111111011111111101111111111110, sa_flags=SA_RESTART|SA_SIGINFO
SIGTERM: [libjvm.so+0x8c7270], sa_mask[0]=11111111011111111101111111111110, sa_flags=SA_RESTART|SA_SIGINFO
SIGQUIT: [libjvm.so+0x8c7270], sa_mask[0]=11111111011111111101111111111110, sa_flags=SA_RESTART|SA_SIGINFO


---------------  S Y S T E M  ---------------

OS:Fedora release 25 (Twenty Five)

uname:Linux 4.9.5-200.fc25.x86_64 #1 SMP Fri Jan 20 12:24:16 UTC 2017 x86_64
libc:glibc 2.24 NPTL 2.24 
rlimit: STACK 8192k, CORE 0k, NPROC 15002, NOFILE 4096, AS infinity
load average:2.10 1.97 1.70

/proc/meminfo:
MemTotal:        3950332 kB
MemFree:          595340 kB
MemAvailable:    1083736 kB
Buffers:           17812 kB
Cached:           956916 kB
SwapCached:         4676 kB
Active:          2165820 kB
Inactive:         915272 kB
Active(anon):    1837696 kB
Inactive(anon):   583756 kB
Active(file):     328124 kB
Inactive(file):   331516 kB
Unevictable:         704 kB
Mlocked:             704 kB
SwapTotal:       4083708 kB
SwapFree:        3763484 kB
Dirty:             18072 kB
Writeback:           180 kB
AnonPages:       2103280 kB
Mapped:           276844 kB
Shmem:            314812 kB
Slab:             126588 kB
SReclaimable:      63136 kB
SUnreclaim:        63452 kB
KernelStack:       11904 kB
PageTables:        62452 kB
NFS_Unstable:          0 kB
Bounce:                0 kB
WritebackTmp:          0 kB
CommitLimit:     6058872 kB
Committed_AS:    8709540 kB
VmallocTotal:   34359738367 kB
VmallocUsed:           0 kB
VmallocChunk:          0 kB
HardwareCorrupted:     0 kB
AnonHugePages:         0 kB
ShmemHugePages:        0 kB
ShmemPmdMapped:        0 kB
CmaTotal:              0 kB
CmaFree:               0 kB
HugePages_Total:       0
HugePages_Free:        0
HugePages_Rsvd:        0
HugePages_Surp:        0
Hugepagesize:       2048 kB
DirectMap4k:      200672 kB
DirectMap2M:     3897344 kB
DirectMap1G:           0 kB


CPU:total 4 (2 cores per cpu, 2 threads per core) family 6 model 69 stepping 1, cmov, cx8, fxsr, mmx, sse, sse2, sse3, ssse3, sse4.1, sse4.2, popcnt, avx, avx2, aes, clmul, erms, lzcnt, ht, tsc, tscinvbit, bmi1, bmi2

/proc/cpuinfo:
processor	: 0
vendor_id	: GenuineIntel
cpu family	: 6
model		: 69
model name	: Intel(R) Core(TM) i5-4300U CPU @ 1.90GHz
stepping	: 1
microcode	: 0x1f
cpu MHz		: 2794.036
cache size	: 3072 KB
physical id	: 0
siblings	: 4
core id		: 0
cpu cores	: 2
apicid		: 0
initial apicid	: 0
fpu		: yes
fpu_exception	: yes
cpuid level	: 13
wp		: yes
flags		: fpu vme de pse tsc msr pae mce cx8 apic sep mtrr pge mca cmov pat pse36 clflush dts acpi mmx fxsr sse sse2 ss ht tm pbe syscall nx pdpe1gb rdtscp lm constant_tsc arch_perfmon pebs bts rep_good nopl xtopology nonstop_tsc aperfmperf eagerfpu pni pclmulqdq dtes64 monitor ds_cpl vmx smx est tm2 ssse3 sdbg fma cx16 xtpr pdcm pcid sse4_1 sse4_2 x2apic movbe popcnt tsc_deadline_timer aes xsave avx f16c rdrand lahf_lm abm epb tpr_shadow vnmi flexpriority ept vpid fsgsbase tsc_adjust bmi1 avx2 smep bmi2 erms invpcid xsaveopt dtherm ida arat pln pts
bugs		:
bogomips	: 4988.37
clflush size	: 64
cache_alignment	: 64
address sizes	: 39 bits physical, 48 bits virtual
power management:

processor	: 1
vendor_id	: GenuineIntel
cpu family	: 6
model		: 69
model name	: Intel(R) Core(TM) i5-4300U CPU @ 1.90GHz
stepping	: 1
microcode	: 0x1f
cpu MHz		: 2599.945
cache size	: 3072 KB
physical id	: 0
siblings	: 4
core id		: 1
cpu cores	: 2
apicid		: 2
initial apicid	: 2
fpu		: yes
fpu_exception	: yes
cpuid level	: 13
wp		: yes
flags		: fpu vme de pse tsc msr pae mce cx8 apic sep mtrr pge mca cmov pat pse36 clflush dts acpi mmx fxsr sse sse2 ss ht tm pbe syscall nx pdpe1gb rdtscp lm constant_tsc arch_perfmon pebs bts rep_good nopl xtopology nonstop_tsc aperfmperf eagerfpu pni pclmulqdq dtes64 monitor ds_cpl vmx smx est tm2 ssse3 sdbg fma cx16 xtpr pdcm pcid sse4_1 sse4_2 x2apic movbe popcnt tsc_deadline_timer aes xsave avx f16c rdrand lahf_lm abm epb tpr_shadow vnmi flexpriority ept vpid fsgsbase tsc_adjust bmi1 avx2 smep bmi2 erms invpcid xsaveopt dtherm ida arat pln pts
bugs		:
bogomips	: 4992.03
clflush size	: 64
cache_alignment	: 64
address sizes	: 39 bits physical, 48 bits virtual
power management:

processor	: 2
vendor_id	: GenuineIntel
cpu family	: 6
model		: 69
model name	: Intel(R) Core(TM) i5-4300U CPU @ 1.90GHz
stepping	: 1
microcode	: 0x1f
cpu MHz		: 2878.265
cache size	: 3072 KB
physical id	: 0
siblings	: 4
core id		: 0
cpu cores	: 2
apicid		: 1
initial apicid	: 1
fpu		: yes
fpu_exception	: yes
cpuid level	: 13
wp		: yes
flags		: fpu vme de pse tsc msr pae mce cx8 apic sep mtrr pge mca cmov pat pse36 clflush dts acpi mmx fxsr sse sse2 ss ht tm pbe syscall nx pdpe1gb rdtscp lm constant_tsc arch_perfmon pebs bts rep_good nopl xtopology nonstop_tsc aperfmperf eagerfpu pni pclmulqdq dtes64 monitor ds_cpl vmx smx est tm2 ssse3 sdbg fma cx16 xtpr pdcm pcid sse4_1 sse4_2 x2apic movbe popcnt tsc_deadline_timer aes xsave avx f16c rdrand lahf_lm abm epb tpr_shadow vnmi flexpriority ept vpid fsgsbase tsc_adjust bmi1 avx2 smep bmi2 erms invpcid xsaveopt dtherm ida arat pln pts
bugs		:
bogomips	: 4994.42
clflush size	: 64
cache_alignment	: 64
address sizes	: 39 bits physical, 48 bits virtual
power management:

processor	: 3
vendor_id	: GenuineIntel
cpu family	: 6
model		: 69
model name	: Intel(R) Core(TM) i5-4300U CPU @ 1.90GHz
stepping	: 1
microcode	: 0x1f
cpu MHz		: 2600.097
cache size	: 3072 KB
physical id	: 0
siblings	: 4
core id		: 1
cpu cores	: 2
apicid		: 3
initial apicid	: 3
fpu		: yes
fpu_exception	: yes
cpuid level	: 13
wp		: yes
flags		: fpu vme de pse tsc msr pae mce cx8 apic sep mtrr pge mca cmov pat pse36 clflush dts acpi mmx fxsr sse sse2 ss ht tm pbe syscall nx pdpe1gb rdtscp lm constant_tsc arch_perfmon pebs bts rep_good nopl xtopology nonstop_tsc aperfmperf eagerfpu pni pclmulqdq dtes64 monitor ds_cpl vmx smx est tm2 ssse3 sdbg fma cx16 xtpr pdcm pcid sse4_1 sse4_2 x2apic movbe popcnt tsc_deadline_timer aes xsave avx f16c rdrand lahf_lm abm epb tpr_shadow vnmi flexpriority ept vpid fsgsbase tsc_adjust bmi1 avx2 smep bmi2 erms invpcid xsaveopt dtherm ida arat pln pts
bugs		:
bogomips	: 4992.40
clflush size	: 64
cache_alignment	: 64
address sizes	: 39 bits physical, 48 bits virtual
power management:



Memory: 4k page, physical 3950332k(595340k free), swap 4083708k(3763484k free)

vm_info: OpenJDK 64-Bit Server VM (25.111-b16) for linux-amd64 JRE (1.8.0_111-b16), built on Jan 10 2017 15:12:25 by "mockbuild" with gcc 6.3.1 20161221 (Red Hat 6.3.1-1)

time: Fri Jan 27 16:40:32 2017
elapsed time: 4 seconds (0d 0h 0m 4s)

