

Version:	3.7
CmdLine:	C:\GitRepos\robertalabNeu\robertalab\OpenRobertaUSBprogram\src\targets\USBConnection.exe --l4j-debug
WOW64:		yes
Working dir:	C:\GitRepos\robertalabNeu\robertalab\OpenRobertaUSBprogram\src\targets\.
Bundled JRE:	jre
Check launcher:	C:\GitRepos\robertalabNeu\robertalab\OpenRobertaUSBprogram\src\targets\jre\bin\javaw.exe (not found)
64-bit search:	SOFTWARE\JavaSoft\Java Runtime Environment...
Check:		SOFTWARE\JavaSoft\Java Runtime Environment\1.7
Check launcher:	C:\Program Files\Java\jre7\bin\javaw.exe (OK)
Match:		1.7
Check:		SOFTWARE\JavaSoft\Java Runtime Environment\1.7.0_71
Check launcher:	C:\Program Files\Java\jre7\bin\javaw.exe (OK)
Match:		1.7.0_71
64-bit search:	SOFTWARE\JavaSoft\Java Development Kit...
Check:		SOFTWARE\JavaSoft\Java Development Kit\1.7
Ignore:		1.7
Check:		SOFTWARE\JavaSoft\Java Development Kit\1.7.0_71
Ignore:		1.7.0_71
Runtime used:	1.7.0_71 (64-bit)
Add classpath:	.
Launcher:	C:\Program Files\Java\jre7\bin\javaw.exe
Launcher args:	-classpath "C:\GitRepos\robertalabNeu\robertalab\OpenRobertaUSBprogram\src\targets\USBConnection.exe;." org.eclipse.jdt.internal.jarinjarloader.JarRsrcLoader
Args length:	157/32768 chars
Exit code:	0


Version:	3.7
CmdLine:	C:\GitRepos\robertalabNeu\robertalab\OpenRobertaUSBprogram\src\targets\USBConnection.exe --l4j-debug
WOW64:		yes
Working dir:	C:\GitRepos\robertalabNeu\robertalab\OpenRobertaUSBprogram\src\targets\.
Bundled JRE:	jre
Check launcher:	C:\GitRepos\robertalabNeu\robertalab\OpenRobertaUSBprogram\src\targets\jre\bin\javaw.exe (not found)
64-bit search:	SOFTWARE\JavaSoft\Java Runtime Environment...
Check:		SOFTWARE\JavaSoft\Java Runtime Environment\1.7
Check launcher:	C:\Program Files\Java\jre7\bin\javaw.exe (OK)
Match:		1.7
Check:		SOFTWARE\JavaSoft\Java Runtime Environment\1.7.0_71
Check launcher:	C:\Program Files\Java\jre7\bin\javaw.exe (OK)
Match:		1.7.0_71
64-bit search:	SOFTWARE\JavaSoft\Java Development Kit...
Check:		SOFTWARE\JavaSoft\Java Development Kit\1.7
Ignore:		1.7
Check:		SOFTWARE\JavaSoft\Java Development Kit\1.7.0_71
Ignore:		1.7.0_71
Runtime used:	1.7.0_71 (64-bit)
Add classpath:	.
Launcher:	C:\Program Files\Java\jre7\bin\javaw.exe
Launcher args:	-classpath "C:\GitRepos\robertalabNeu\robertalab\OpenRobertaUSBprogram\src\targets\USBConnection.exe;." org.eclipse.jdt.internal.jarinjarloader.JarRsrcLoader
Args length:	157/32768 chars
Exit code:	0


Version:	3.7
CmdLine:	C:\GitRepos\robertalabNeu\robertalab\OpenRobertaUSBprogram\src\targets\USBConnection.exe --l4j-debug
WOW64:		yes
Working dir:	C:\GitRepos\robertalabNeu\robertalab\OpenRobertaUSBprogram\src\targets\.
Bundled JRE:	jre
Check launcher:	C:\GitRepos\robertalabNeu\robertalab\OpenRobertaUSBprogram\src\targets\jre\bin\javaw.exe (not found)
64-bit search:	SOFTWARE\JavaSoft\Java Runtime Environment...
Check:		SOFTWARE\JavaSoft\Java Runtime Environment\1.7
Check launcher:	C:\Program Files\Java\jre7\bin\javaw.exe (OK)
Match:		1.7
Check:		SOFTWARE\JavaSoft\Java Runtime Environment\1.7.0_71
Check launcher:	C:\Program Files\Java\jre7\bin\javaw.exe (OK)
Match:		1.7.0_71
64-bit search:	SOFTWARE\JavaSoft\Java Development Kit...
Check:		SOFTWARE\JavaSoft\Java Development Kit\1.7
Ignore:		1.7
Check:		SOFTWARE\JavaSoft\Java Development Kit\1.7.0_71
Ignore:		1.7.0_71
Runtime used:	1.7.0_71 (64-bit)
Launcher:	C:\Program Files\Java\jre7\bin\javaw.exe
Launcher args:	-jar "C:\GitRepos\robertalabNeu\robertalab\OpenRobertaUSBprogram\src\targets\USBConnection.exe"
Args length:	95/32768 chars
Exit code:	0


Version:	3.7
CmdLine:	C:\GitRepos\robertalabNeu\robertalab\OpenRobertaUSBprogram\src\targets\USBConnection.exe --l4j-debug
WOW64:		yes
Working dir:	C:\GitRepos\robertalabNeu\robertalab\OpenRobertaUSBprogram\src\targets\.
Bundled JRE:	jre
Check launcher:	C:\GitRepos\robertalabNeu\robertalab\OpenRobertaUSBprogram\src\targets\jre\bin\javaw.exe (not found)
64-bit search:	SOFTWARE\JavaSoft\Java Runtime Environment...
Check:		SOFTWARE\JavaSoft\Java Runtime Environment\1.7
Check launcher:	C:\Program Files\Java\jre7\bin\javaw.exe (OK)
Match:		1.7
Check:		SOFTWARE\JavaSoft\Java Runtime Environment\1.7.0_71
Check launcher:	C:\Program Files\Java\jre7\bin\javaw.exe (OK)
Match:		1.7.0_71
64-bit search:	SOFTWARE\JavaSoft\Java Development Kit...
Check:		SOFTWARE\JavaSoft\Java Development Kit\1.7
Ignore:		1.7
Check:		SOFTWARE\JavaSoft\Java Development Kit\1.7.0_71
Ignore:		1.7.0_71
Runtime used:	1.7.0_71 (64-bit)
Launcher:	C:\Program Files\Java\jre7\bin\javaw.exe
Launcher args:	-jar "C:\GitRepos\robertalabNeu\robertalab\OpenRobertaUSBprogram\src\targets\USBConnection.exe"
Args length:	95/32768 chars
Exit code:	0


Version:	3.7
CmdLine:	C:\GitRepos\robertalabNeu\robertalab\OpenRobertaUSBprogram\src\targets\USBConnection.exe --l4j-debug
WOW64:		yes
Working dir:	C:\GitRepos\robertalabNeu\robertalab\OpenRobertaUSBprogram\src\targets\.
Bundled JRE:	jre
Check launcher:	C:\GitRepos\robertalabNeu\robertalab\OpenRobertaUSBprogram\src\targets\jre\bin\javaw.exe (not found)
64-bit search:	SOFTWARE\JavaSoft\Java Runtime Environment...
Check:		SOFTWARE\JavaSoft\Java Runtime Environment\1.7
Check launcher:	C:\Program Files\Java\jre7\bin\javaw.exe (OK)
Match:		1.7
Check:		SOFTWARE\JavaSoft\Java Runtime Environment\1.7.0_71
Check launcher:	C:\Program Files\Java\jre7\bin\javaw.exe (OK)
Match:		1.7.0_71
64-bit search:	SOFTWARE\JavaSoft\Java Development Kit...
Check:		SOFTWARE\JavaSoft\Java Development Kit\1.7
Ignore:		1.7
Check:		SOFTWARE\JavaSoft\Java Development Kit\1.7.0_71
Ignore:		1.7.0_71
Runtime used:	1.7.0_71 (64-bit)
Launcher:	C:\Program Files\Java\jre7\bin\javaw.exe
Launcher args:	-jar "C:\GitRepos\robertalabNeu\robertalab\OpenRobertaUSBprogram\src\targets\USBConnection.exe"
Args length:	95/32768 chars
Exit code:	0


Version:	3.7
CmdLine:	C:\GitRepos\robertalabNeu\robertalab\OpenRobertaUSBprogram\src\targets\USBConnection.exe --l4j-debug
WOW64:		yes
Working dir:	C:\GitRepos\robertalabNeu\robertalab\OpenRobertaUSBprogram\src\targets\.
Bundled JRE:	jre
Check launcher:	C:\GitRepos\robertalabNeu\robertalab\OpenRobertaUSBprogram\src\targets\jre\bin\javaw.exe (not found)
64-bit search:	SOFTWARE\JavaSoft\Java Runtime Environment...
Check:		SOFTWARE\JavaSoft\Java Runtime Environment\1.7
Check launcher:	C:\Program Files\Java\jre7\bin\javaw.exe (OK)
Match:		1.7
Check:		SOFTWARE\JavaSoft\Java Runtime Environment\1.7.0_71
Check launcher:	C:\Program Files\Java\jre7\bin\javaw.exe (OK)
Match:		1.7.0_71
64-bit search:	SOFTWARE\JavaSoft\Java Development Kit...
Check:		SOFTWARE\JavaSoft\Java Development Kit\1.7
Ignore:		1.7
Check:		SOFTWARE\JavaSoft\Java Development Kit\1.7.0_71
Ignore:		1.7.0_71
Runtime used:	1.7.0_71 (64-bit)
Launcher:	C:\Program Files\Java\jre7\bin\javaw.exe
Launcher args:	-jar "C:\GitRepos\robertalabNeu\robertalab\OpenRobertaUSBprogram\src\targets\USBConnection.exe"
Args length:	95/32768 chars
Exit code:	0
