/*C5*/SET SCHEMA PUBLIC
DISCONNECT
/*C6*/SET SCHEMA PUBLIC
DISCONNECT
/*C3*/SET SCHEMA PUBLIC
DISCONNECT
/*C4*/SET SCHEMA PUBLIC
DISCONNECT
/*C2*/SET SCHEMA PUBLIC
DISCONNECT
/*C7*/SET SCHEMA PUBLIC
DISCONNECT
/*C8*/SET SCHEMA PUBLIC
DISCONNECT
/*C9*/SET SCHEMA PUBLIC
DISCONNECT
/*C11*/SET SCHEMA PUBLIC
DISCONNECT
/*C10*/SET SCHEMA PUBLIC
DISCONNECT
/*C21*/SET SCHEMA PUBLIC
DELETE FROM USER WHERE ID=53
INSERT INTO USER VALUES(53,'koki','de01d226f4a41423:659e25e776689b896d385733eb73712c0e58b05a','cvejoski@gmail.com','TEACHER','2014-12-19 09:18:04.976000','2016-02-23 12:50:23.532000',NULL,'Kostadin Cvejoski')
COMMIT
