#
# A fatal error has been detected by the Java Runtime Environment:
#
#  EXCEPTION_ACCESS_VIOLATION (0xc0000005) at pc=0x000000005b794979, pid=4636, tid=5560
#
# JRE version: Java(TM) SE Runtime Environment (7.0_67-b01) (build 1.7.0_67-b01)
# Java VM: Java HotSpot(TM) 64-Bit Server VM (24.65-b04 mixed mode windows-amd64 compressed oops)
# Problematic frame:
# V  [jvm.dll+0x54979]
#
# Failed to write core dump. Minidumps are not enabled by default on client versions of Windows
#
# If you would like to submit a bug report, please visit:
#   http://bugreport.sun.com/bugreport/crash.jsp
#

---------------  T H R E A D  ---------------

Current thread (0x000000000ab96000):  JavaThread "JDWP Transport Listener: dt_socket" daemon [_thread_in_vm, id=5560, stack(0x000000000c5c0000,0x000000000c6c0000)]

siginfo: ExceptionCode=0xc0000005, reading address 0x000000000000000c

Registers:
RAX=0x000000000000000c, RBX=0x000000000ab96000, RCX=0x0000000000000003, RDX=0x0000000000000000
RSP=0x000000000c6bf620, RBP=0x000000000000000c, RSI=0x0000000000000000, RDI=0x0000000000000010
R8 =0x00000007d6ef5ad0, R9 =0x0000000000000000, R10=0x0000000000000000, R11=0x0000000000000001
R12=0x0000000000000000, R13=0x000000000ab88638, R14=0x0000000000000000, R15=0x0000000000000000
RIP=0x000000005b794979, EFLAGS=0x0000000000010246

Top of Stack: (sp=0x000000000c6bf620)
0x000000000c6bf620:   000000000ab96000 0000000000000000
0x000000000c6bf630:   0000000000000000 000000000ab96000
0x000000000c6bf640:   0000000000000000 000000005b85caa7
0x000000000c6bf650:   00000007d6ef5ad0 000000000c6bf770
0x000000000c6bf660:   000000000cac0480 000000000c6bf740
0x000000000c6bf670:   000000000ab96000 0000000000000000
0x000000000c6bf680:   000000000cac0480 000000000c6bf770
0x000000000c6bf690:   0000000000000000 000000000ab88638
0x000000000c6bf6a0:   0000000000000000 0000000064d77d15
0x000000000c6bf6b0:   000000000c6bf740 000000000c6bf770
0x000000000c6bf6c0:   000000000cac0480 000000000ab961e8
0x000000000c6bf6d0:   000000000d7f3b0a 0000000064d7f090
0x000000000c6bf6e0:   000000000a010a01 000000000c6bf7e0
0x000000000c6bf6f0:   000000000ab88201 000000000ab88201
0x000000000c6bf700:   000018ff00000013 000000000a010a00
0x000000000c6bf710:   00000000022d9640 000000005b8cd3ba 

Instructions: (pc=0x000000005b794979)
0x000000005b794959:   d2 48 8b c5 eb 18 48 8b d0 48 8b c5 48 d3 e2 48
0x000000005b794969:   03 15 41 ff 69 00 eb 06 48 8b 12 48 8b c7 48 98
0x000000005b794979:   8b 14 10 85 d2 74 2a 45 84 db 4c 63 c6 48 0f 45
0x000000005b794989:   fd 8d 47 0b 48 63 c8 48 83 e1 f8 48 c1 e9 03 8d 


Register to memory mapping:

RAX=0x000000000000000c is an unknown value
RBX=0x000000000ab96000 is a thread
RCX=0x0000000000000003 is an unknown value
RDX=0x0000000000000000 is an unknown value
RSP=0x000000000c6bf620 is pointing into the stack for thread: 0x000000000ab96000
RBP=0x000000000000000c is an unknown value
RSI=0x0000000000000000 is an unknown value
RDI=0x0000000000000010 is an unknown value
R8 =0x00000007d6ef5ad0 is an oop
java.lang.String 
 - klass: 'java/lang/String'
R9 =0x0000000000000000 is an unknown value
R10=0x0000000000000000 is an unknown value
R11=0x0000000000000001 is an unknown value
R12=0x0000000000000000 is an unknown value
R13=0x000000000ab88638 is an unknown value
R14=0x0000000000000000 is an unknown value
R15=0x0000000000000000 is an unknown value


Stack: [0x000000000c5c0000,0x000000000c6c0000],  sp=0x000000000c6bf620,  free space=1021k
Native frames: (J=compiled Java code, j=interpreted, Vv=VM code, C=native code)
V  [jvm.dll+0x54979]


---------------  P R O C E S S  ---------------

Java Threads: ( => current thread )
  0x000000000d749000 JavaThread "ReaderThread" [_thread_in_native, id=1316, stack(0x000000000de90000,0x000000000df90000)]
  0x000000000cad0800 JavaThread "Service Thread" daemon [_thread_blocked, id=1140, stack(0x000000000d540000,0x000000000d640000)]
  0x000000000caca800 JavaThread "C2 CompilerThread1" daemon [_thread_blocked, id=6148, stack(0x000000000d400000,0x000000000d500000)]
  0x000000000cac7000 JavaThread "C2 CompilerThread0" daemon [_thread_blocked, id=3104, stack(0x000000000d150000,0x000000000d250000)]
  0x000000000cabf000 JavaThread "JDWP Command Reader" daemon [_thread_in_native, id=5816, stack(0x000000000c020000,0x000000000c120000)]
  0x000000000ab9f000 JavaThread "JDWP Event Helper Thread" daemon [_thread_blocked, id=2980, stack(0x000000000cf30000,0x000000000d030000)]
=>0x000000000ab96000 JavaThread "JDWP Transport Listener: dt_socket" daemon [_thread_in_vm, id=5560, stack(0x000000000c5c0000,0x000000000c6c0000)]
  0x000000000ab8e000 JavaThread "Attach Listener" daemon [_thread_blocked, id=5008, stack(0x000000000c1f0000,0x000000000c2f0000)]
  0x000000000ab86800 JavaThread "Signal Dispatcher" daemon [_thread_blocked, id=6424, stack(0x000000000baa0000,0x000000000bba0000)]
  0x000000000ab2c800 JavaThread "Finalizer" daemon [_thread_blocked, id=6212, stack(0x000000000bf00000,0x000000000c000000)]
  0x000000000ab25000 JavaThread "Reference Handler" daemon [_thread_blocked, id=704, stack(0x000000000bd10000,0x000000000be10000)]
  0x00000000022cb000 JavaThread "main" [_thread_blocked, id=2820, stack(0x0000000002540000,0x0000000002640000)]

Other Threads:
  0x000000000ab1e000 VMThread [stack: 0x000000000bbf0000,0x000000000bcf0000] [id=3352]
  0x000000000cb20800 WatcherThread [stack: 0x000000000d260000,0x000000000d360000] [id=3996]

VM state:not at safepoint (normal execution)

VM Mutex/Monitor currently owned by a thread: None

Heap
 PSYoungGen      total 38400K, used 22764K [0x00000007d5d00000, 0x00000007d8780000, 0x0000000800000000)
  eden space 33280K, 55% used [0x00000007d5d00000,0x00000007d6f070a8,0x00000007d7d80000)
  from space 5120K, 84% used [0x00000007d7d80000,0x00000007d81b4128,0x00000007d8280000)
  to   space 5120K, 0% used [0x00000007d8280000,0x00000007d8280000,0x00000007d8780000)
 ParOldGen       total 86016K, used 8K [0x0000000781800000, 0x0000000786c00000, 0x00000007d5d00000)
  object space 86016K, 0% used [0x0000000781800000,0x0000000781802000,0x0000000786c00000)
 PSPermGen       total 21504K, used 10743K [0x000000077c600000, 0x000000077db00000, 0x0000000781800000)
  object space 21504K, 49% used [0x000000077c600000,0x000000077d07de98,0x000000077db00000)

Card table byte_map: [0x0000000005640000,0x0000000005a60000] byte_map_base: 0x0000000001a5d000

Polling page: 0x00000000001d0000

Code Cache  [0x0000000002640000, 0x00000000028b0000, 0x0000000005640000)
 total_blobs=377 nmethods=112 adapters=226 free_code_cache=48433Kb largest_free_block=49546240

Compilation events (10 events):
Event: 6.709 Thread 0x000000000caca800  108             sun.reflect.ClassFileAssembler::emitByte (11 bytes)
Event: 6.709 Thread 0x000000000cac7000  109             sun.reflect.ByteVectorImpl::add (38 bytes)
Event: 6.711 Thread 0x000000000cac7000 nmethod 109 0x00000000026ef810 code [0x00000000026ef960, 0x00000000026efaa8]
Event: 6.711 Thread 0x000000000caca800 nmethod 108 0x00000000026ef290 code [0x00000000026ef3e0, 0x00000000026ef608]
Event: 6.715 Thread 0x000000000cac7000  110             java.net.URL::getFile (5 bytes)
Event: 6.716 Thread 0x000000000cac7000 nmethod 110 0x00000000026e7190 code [0x00000000026e72c0, 0x00000000026e7338]
Event: 6.716 Thread 0x000000000caca800  111   !         com.sun.xml.bind.v2.bytecode.ClassTailor::tailor (381 bytes)
Event: 6.721 Thread 0x000000000cac7000  112             java.util.zip.InflaterInputStream::read (33 bytes)
Event: 6.722 Thread 0x000000000cac7000 nmethod 112 0x00000000026eeed0 code [0x00000000026ef020, 0x00000000026ef148]
Event: 6.753 Thread 0x000000000caca800 nmethod 111 0x00000000026fad50 code [0x00000000026fb100, 0x00000000026fdeb0]

GC Heap History (2 events):
Event: 4.934 GC heap before
{Heap before GC invocations=1 (full 0):
 PSYoungGen      total 38400K, used 33280K [0x00000007d5d00000, 0x00000007d8780000, 0x0000000800000000)
  eden space 33280K, 100% used [0x00000007d5d00000,0x00000007d7d80000,0x00000007d7d80000)
  from space 5120K, 0% used [0x00000007d8280000,0x00000007d8280000,0x00000007d8780000)
  to   space 5120K, 0% used [0x00000007d7d80000,0x00000007d7d80000,0x00000007d8280000)
 ParOldGen       total 86016K, used 0K [0x0000000781800000, 0x0000000786c00000, 0x00000007d5d00000)
  object space 86016K, 0% used [0x0000000781800000,0x0000000781800000,0x0000000786c00000)
 PSPermGen       total 21504K, used 8522K [0x000000077c600000, 0x000000077db00000, 0x0000000781800000)
  object space 21504K, 39% used [0x000000077c600000,0x000000077ce52810,0x000000077db00000)
Event: 4.939 GC heap after
Heap after GC invocations=1 (full 0):
 PSYoungGen      total 38400K, used 4304K [0x00000007d5d00000, 0x00000007d8780000, 0x0000000800000000)
  eden space 33280K, 0% used [0x00000007d5d00000,0x00000007d5d00000,0x00000007d7d80000)
  from space 5120K, 84% used [0x00000007d7d80000,0x00000007d81b4128,0x00000007d8280000)
  to   space 5120K, 0% used [0x00000007d8280000,0x00000007d8280000,0x00000007d8780000)
 ParOldGen       total 86016K, used 8K [0x0000000781800000, 0x0000000786c00000, 0x00000007d5d00000)
  object space 86016K, 0% used [0x0000000781800000,0x0000000781802000,0x0000000786c00000)
 PSPermGen       total 21504K, used 8522K [0x000000077c600000, 0x000000077db00000, 0x0000000781800000)
  object space 21504K, 39% used [0x000000077c600000,0x000000077ce52810,0x000000077db00000)
}

Deoptimization events (0 events):
No events

Internal exceptions (10 events):
Event: 8.217 Thread 0x00000000022cb000 Threw 0x00000007d6e9a400 at C:\re\jdk7u67\1368\hotspot\src\share\vm\prims\jvm.cpp:1244
Event: 8.220 Thread 0x00000000022cb000 Threw 0x00000007d6eb1b48 at C:\re\jdk7u67\1368\hotspot\src\share\vm\prims\jvm.cpp:1244
Event: 8.222 Thread 0x00000000022cb000 Threw 0x00000007d6eb73e8 at C:\re\jdk7u67\1368\hotspot\src\share\vm\prims\jvm.cpp:1244
Event: 8.224 Thread 0x00000000022cb000 Threw 0x00000007d6ebd020 at C:\re\jdk7u67\1368\hotspot\src\share\vm\prims\jvm.cpp:1244
Event: 8.226 Thread 0x00000000022cb000 Threw 0x00000007d6ec24e0 at C:\re\jdk7u67\1368\hotspot\src\share\vm\prims\jvm.cpp:1244
Event: 8.229 Thread 0x00000000022cb000 Threw 0x00000007d6ec9388 at C:\re\jdk7u67\1368\hotspot\src\share\vm\prims\jvm.cpp:1244
Event: 8.232 Thread 0x00000000022cb000 Threw 0x00000007d6ed1ca0 at C:\re\jdk7u67\1368\hotspot\src\share\vm\prims\jvm.cpp:1244
Event: 8.233 Thread 0x00000000022cb000 Threw 0x00000007d6ede648 at C:\re\jdk7u67\1368\hotspot\src\share\vm\prims\jvm.cpp:1244
Event: 8.235 Thread 0x00000000022cb000 Threw 0x00000007d6ee4978 at C:\re\jdk7u67\1368\hotspot\src\share\vm\prims\jvm.cpp:1244
Event: 8.236 Thread 0x00000000022cb000 Threw 0x00000007d6eeb818 at C:\re\jdk7u67\1368\hotspot\src\share\vm\prims\jvm.cpp:1244

Events (10 events):
Event: 59.610 Executing VM operation: GetCurrentLocation
Event: 59.610 Executing VM operation: GetCurrentLocation done
Event: 59.610 Executing VM operation: ChangeSingleStep
Event: 59.610 Executing VM operation: ChangeSingleStep done
Event: 59.612 Executing VM operation: ChangeSingleStep
Event: 59.612 Executing VM operation: ChangeSingleStep done
Event: 59.653 Executing VM operation: GetOrSetLocal
Event: 59.653 Executing VM operation: GetOrSetLocal done
Event: 59.827 Executing VM operation: GetOrSetLocal
Event: 59.827 Executing VM operation: GetOrSetLocal done


Dynamic libraries:
0x000000013f200000 - 0x000000013f233000 	D:\Program Files\Java\jdk1.7.0_67\bin\javaw.exe
0x0000000077430000 - 0x00000000775d9000 	D:\WINDOWS\SYSTEM32\ntdll.dll
0x0000000077210000 - 0x000000007732f000 	D:\WINDOWS\system32\kernel32.dll
0x000007fefd290000 - 0x000007fefd2fc000 	D:\WINDOWS\system32\KERNELBASE.dll
0x000007fefd9e0000 - 0x000007fefdabb000 	D:\WINDOWS\system32\ADVAPI32.dll
0x000007fefdbb0000 - 0x000007fefdc4f000 	D:\WINDOWS\system32\msvcrt.dll
0x000007fefdc50000 - 0x000007fefdc6f000 	D:\WINDOWS\SYSTEM32\sechost.dll
0x000007fefd850000 - 0x000007fefd97d000 	D:\WINDOWS\system32\RPCRT4.dll
0x0000000077330000 - 0x000000007742a000 	D:\WINDOWS\system32\USER32.dll
0x000007fefdac0000 - 0x000007fefdb27000 	D:\WINDOWS\system32\GDI32.dll
0x000007fefdc70000 - 0x000007fefdc7e000 	D:\WINDOWS\system32\LPK.dll
0x000007fefdc80000 - 0x000007fefdd49000 	D:\WINDOWS\system32\USP10.dll
0x000007fefbc20000 - 0x000007fefbe14000 	D:\WINDOWS\WinSxS\amd64_microsoft.windows.common-controls_6595b64144ccf1df_6.0.7601.17514_none_fa396087175ac9ac\COMCTL32.dll
0x000007fefe4c0000 - 0x000007fefe531000 	D:\WINDOWS\system32\SHLWAPI.dll
0x000007fefd7f0000 - 0x000007fefd81e000 	D:\WINDOWS\system32\IMM32.DLL
0x000007fefd600000 - 0x000007fefd709000 	D:\WINDOWS\system32\MSCTF.dll
0x0000000074fb0000 - 0x0000000074fe8000 	D:\PROGRA~2\Sophos\SOPHOS~1\SOPHOS~2.DLL
0x0000000077600000 - 0x0000000077607000 	D:\WINDOWS\system32\PSAPI.DLL
0x000000005bf20000 - 0x000000005bff2000 	D:\Program Files\Java\jdk1.7.0_67\jre\bin\msvcr100.dll
0x000000005b740000 - 0x000000005bf12000 	D:\Program Files\Java\jdk1.7.0_67\jre\bin\server\jvm.dll
0x000007fef9450000 - 0x000007fef9459000 	D:\WINDOWS\system32\WSOCK32.dll
0x000007fefe540000 - 0x000007fefe58d000 	D:\WINDOWS\system32\WS2_32.dll
0x000007fefd840000 - 0x000007fefd848000 	D:\WINDOWS\system32\NSI.dll
0x000007fefb6b0000 - 0x000007fefb6eb000 	D:\WINDOWS\system32\WINMM.dll
0x000000005c9d0000 - 0x000000005c9df000 	D:\Program Files\Java\jdk1.7.0_67\jre\bin\verify.dll
0x000000005b710000 - 0x000000005b738000 	D:\Program Files\Java\jdk1.7.0_67\jre\bin\java.dll
0x0000000064d70000 - 0x0000000064da5000 	D:\Program Files\Java\jdk1.7.0_67\jre\bin\jdwp.dll
0x0000000071590000 - 0x0000000071598000 	D:\Program Files\Java\jdk1.7.0_67\jre\bin\npt.dll
0x000000005c9b0000 - 0x000000005c9c5000 	D:\Program Files\Java\jdk1.7.0_67\jre\bin\zip.dll
0x000000006fe50000 - 0x000000006fe59000 	D:\Program Files\Java\jdk1.7.0_67\jre\bin\dt_socket.dll
0x000007fefad50000 - 0x000007fefad65000 	D:\WINDOWS\system32\NLAapi.dll
0x000007fef9510000 - 0x000007fef9525000 	D:\WINDOWS\system32\napinsp.dll
0x000007fef9530000 - 0x000007fef9549000 	D:\WINDOWS\system32\pnrpnsp.dll
0x000007fefca00000 - 0x000007fefca55000 	D:\WINDOWS\System32\mswsock.dll
0x000007fefc850000 - 0x000007fefc8ab000 	D:\WINDOWS\system32\DNSAPI.dll
0x000007fef9440000 - 0x000007fef944b000 	D:\WINDOWS\System32\winrnr.dll
0x000007fef9430000 - 0x000007fef9440000 	D:\WINDOWS\system32\wshbth.dll
0x000007fefbbf0000 - 0x000007fefbc17000 	D:\WINDOWS\system32\IPHLPAPI.DLL
0x000007fefc3b0000 - 0x000007fefc3bb000 	D:\WINDOWS\system32\WINNSI.DLL
0x000007fefa100000 - 0x000007fefa153000 	D:\WINDOWS\System32\fwpuclnt.dll
0x000007fef9550000 - 0x000007fef9558000 	D:\WINDOWS\system32\rasadhlp.dll
0x000007fefc3d0000 - 0x000007fefc3fd000 	D:\ProgramData\Sophos\Web Intelligence\swi_ifslsp_64.dll
0x000007fefc3c0000 - 0x000007fefc3cc000 	D:\WINDOWS\system32\VERSION.dll
0x000007fefc3a0000 - 0x000007fefc3a7000 	D:\WINDOWS\System32\wshtcpip.dll
0x000000005b6c0000 - 0x000000005b6d9000 	D:\Program Files\Java\jdk1.7.0_67\jre\bin\net.dll
0x000007fefcb50000 - 0x000007fefcb57000 	D:\WINDOWS\System32\wship6.dll
0x000000005b6a0000 - 0x000000005b6b1000 	D:\Program Files\Java\jdk1.7.0_67\jre\bin\nio.dll
0x000007fef72b0000 - 0x000007fef73d5000 	D:\WINDOWS\system32\dbghelp.dll

VM Arguments:
jvm_args: -agentlib:jdwp=transport=dt_socket,suspend=y,address=localhost:54965 -Dfile.encoding=UTF-8 
java_command: org.eclipse.jdt.internal.junit.runner.RemoteTestRunner -version 3 -port 54964 -testLoaderClass org.eclipse.jdt.internal.junit4.runner.JUnit4TestLoader -loaderpluginname org.eclipse.jdt.junit4.runtime -classNames de.fhg.iais.roberta.ast.stmt.IfStmtTest
Launcher Type: SUN_STANDARD

Environment Variables:
JAVA_HOME=D:\Program Files (x86)\Java\jdk1.7.0_67
PATH=D:\Program Files\Java\jdk1.7.0_67\jre\bin;D:\Python27\;D:\WINDOWS\system32;D:\WINDOWS;D:\WINDOWS\System32\Wbem;D:\WINDOWS\System32\WindowsPowerShell\v1.0\;D:\Windows\CCM;D:\Windows\CCM;D:\Program Files (x86)\Java\jdk1.7.0_67\bin;D:\dev\apache-maven-3.2.3\bin
USERNAME=kcvejoski
OS=Windows_NT
PROCESSOR_IDENTIFIER=Intel64 Family 6 Model 42 Stepping 7, GenuineIntel



---------------  S Y S T E M  ---------------

OS: Windows 7 , 64 bit Build 7601 Service Pack 1

CPU:total 4 (2 cores per cpu, 2 threads per core) family 6 model 42 stepping 7, cmov, cx8, fxsr, mmx, sse, sse2, sse3, ssse3, sse4.1, sse4.2, popcnt, avx, aes, ht, tsc, tscinvbit

Memory: 4k page, physical 8283068k(3794424k free), swap 16564272k(11660824k free)

vm_info: Java HotSpot(TM) 64-Bit Server VM (24.65-b04) for windows-amd64 JRE (1.7.0_67-b01), built on Jul 25 2014 08:55:00 by "java_re" with unknown MS VC++:1600

time: Mon Oct 13 14:07:57 2014
elapsed time: 59 seconds

